================================================================================
 Package                Arch   Version                Repository           Size
================================================================================
Installing:
 kata-ckan-dev          x86_64 587174-1.el6           /kata-ckan-dev-587174-1.el6.x86_64
                                                                           32 k
Installing for dependencies:
 SDL                    x86_64 1.2.14-3.el6           base                193 k
 apr                    x86_64 1.3.9-5.el6_2          updates             123 k
 apr-util               x86_64 1.3.9-3.el6_0.1        base                 87 k
 apr-util-ldap          x86_64 1.3.9-3.el6_0.1        base                 15 k
 cloog-ppl              x86_64 0.15.7-1.2.el6         base                 93 k
 cpp                    x86_64 4.4.6-4.el6            base                3.7 M
 erlang                 x86_64 R14B-04.1.el6          epel                 26 k
 erlang-appmon          x86_64 R14B-04.1.el6          epel                144 k
 erlang-asn1            x86_64 R14B-04.1.el6          epel                993 k
 erlang-common_test     x86_64 R14B-04.1.el6          epel                508 k
 erlang-compiler        x86_64 R14B-04.1.el6          epel                986 k
 erlang-cosEvent        x86_64 R14B-04.1.el6          epel                148 k
 erlang-cosEventDomain  x86_64 R14B-04.1.el6          epel                113 k
 erlang-cosFileTransfer x86_64 R14B-04.1.el6          epel                167 k
 erlang-cosNotification x86_64 R14B-04.1.el6          epel                718 k
 erlang-cosProperty     x86_64 R14B-04.1.el6          epel                160 k
 erlang-cosTime         x86_64 R14B-04.1.el6          epel                106 k
 erlang-cosTransactions x86_64 R14B-04.1.el6          epel                164 k
 erlang-crypto          x86_64 R14B-04.1.el6          epel                 50 k
 erlang-debugger        x86_64 R14B-04.1.el6          epel                439 k
 erlang-dialyzer        x86_64 R14B-04.1.el6          epel                567 k
 erlang-diameter        x86_64 R14B-04.1.el6          epel                449 k
 erlang-docbuilder      x86_64 R14B-04.1.el6          epel                191 k
 erlang-edoc            x86_64 R14B-04.1.el6          epel                301 k
 erlang-erl_docgen      x86_64 R14B-04.1.el6          epel                109 k
 erlang-erl_interface   x86_64 R14B-04.1.el6          epel                149 k
 erlang-erts            x86_64 R14B-04.1.el6          epel                2.0 M
 erlang-et              x86_64 R14B-04.1.el6          epel                197 k
 erlang-eunit           x86_64 R14B-04.1.el6          epel                139 k
 erlang-examples        x86_64 R14B-04.1.el6          epel                832 k
 erlang-gs              x86_64 R14B-04.1.el6          epel                608 k
 erlang-hipe            x86_64 R14B-04.1.el6          epel                1.0 M
 erlang-ic              x86_64 R14B-04.1.el6          epel                845 k
 erlang-inets           x86_64 R14B-04.1.el6          epel                749 k
 erlang-inviso          x86_64 R14B-04.1.el6          epel                153 k
 erlang-jinterface      x86_64 R14B-04.1.el6          epel                 94 k
 erlang-kernel          x86_64 R14B-04.1.el6          epel                1.0 M
 erlang-megaco          x86_64 R14B-04.1.el6          epel                7.8 M
 erlang-mnesia          x86_64 R14B-04.1.el6          epel                662 k
 erlang-observer        x86_64 R14B-04.1.el6          epel                205 k
 erlang-odbc            x86_64 R14B-04.1.el6          epel                 59 k
 erlang-orber           x86_64 R14B-04.1.el6          epel                908 k
 erlang-os_mon          x86_64 R14B-04.1.el6          epel                104 k
 erlang-otp_mibs        x86_64 R14B-04.1.el6          epel                 27 k
 erlang-parsetools      x86_64 R14B-04.1.el6          epel                164 k
 erlang-percept         x86_64 R14B-04.1.el6          epel                140 k
 erlang-pman            x86_64 R14B-04.1.el6          epel                104 k
 erlang-public_key      x86_64 R14B-04.1.el6          epel                402 k
 erlang-reltool         x86_64 R14B-04.1.el6          epel                296 k
 erlang-runtime_tools   x86_64 R14B-04.1.el6          epel                209 k
 erlang-sasl            x86_64 R14B-04.1.el6          epel                263 k
 erlang-snmp            x86_64 R14B-04.1.el6          epel                1.5 M
 erlang-ssh             x86_64 R14B-04.1.el6          epel                361 k
 erlang-ssl             x86_64 R14B-04.1.el6          epel                378 k
 erlang-stdlib          x86_64 R14B-04.1.el6          epel                2.1 M
 erlang-syntax_tools    x86_64 R14B-04.1.el6          epel                317 k
 erlang-test_server     x86_64 R14B-04.1.el6          epel                272 k
 erlang-toolbar         x86_64 R14B-04.1.el6          epel                 49 k
 erlang-tools           x86_64 R14B-04.1.el6          epel                535 k
 erlang-tv              x86_64 R14B-04.1.el6          epel                377 k
 erlang-typer           x86_64 R14B-04.1.el6          epel                 58 k
 erlang-webtool         x86_64 R14B-04.1.el6          epel                 45 k
 erlang-wx              x86_64 R14B-04.1.el6          epel                2.4 M
 erlang-xmerl           x86_64 R14B-04.1.el6          epel                939 k
 gcc                    x86_64 4.4.6-4.el6            base                 10 M
 glibc-devel            x86_64 2.12-1.80.el6_3.6      updates             971 k
 glibc-headers          x86_64 2.12-1.80.el6_3.6      updates             601 k
 httpd                  x86_64 2.2.15-15.el6.centos.1 base                813 k
 httpd-tools            x86_64 2.2.15-15.el6.centos.1 base                 70 k
 kernel-headers         x86_64 2.6.32-279.14.1.el6    updates             1.9 M
 libcurl-openssl        x86_64 7.28.1-1.1             security_shibboleth 182 k
 libgcrypt-devel        x86_64 1.4.5-9.el6_2.2        base                118 k
 libgpg-error-devel     x86_64 1.7-4.el6              base                 14 k
 liblog4shib1           x86_64 1.0.5-1.1              security_shibboleth  68 k
 libmemcached           x86_64 0.31-1.1.el6           base                 80 k
 libsaml8               x86_64 2.5.1-1.1              security_shibboleth 966 k
 libtool-ltdl           x86_64 2.2.6-15.5.el6         base                 44 k
 libxerces-c-3_1        x86_64 3.1.1-2.1              security_shibboleth 878 k
 libxml-security-c17    x86_64 1.7.0-1.3              security_shibboleth 272 k
 libxml2-devel          x86_64 2.7.6-8.el6_3.4        updates             1.1 M
 libxmltooling6         x86_64 1.5.2-1.1              security_shibboleth 685 k
 libxslt                x86_64 1.1.26-2.el6_3.1       updates             452 k
 libxslt-devel          x86_64 1.1.26-2.el6_3.1       updates             561 k
 mailcap                noarch 2.1.31-2.el6           base                 27 k
 mod_ssl                x86_64 1:2.2.15-15.el6.centos.1
                                                      base                 87 k
 mod_wsgi               x86_64 3.2-1.el6              base                 66 k
 mpfr                   x86_64 2.4.1-6.el6            base                157 k
 opensaml-schemas       x86_64 2.5.1-1.1              security_shibboleth  30 k
 postgresql             x86_64 8.4.13-1.el6_3         updates             2.8 M
 postgresql-devel       x86_64 8.4.13-1.el6_3         updates             813 k
 postgresql-libs        x86_64 8.4.13-1.el6_3         updates             200 k
 postgresql-server      x86_64 8.4.13-1.el6_3         updates             3.4 M
 ppl                    x86_64 0.10.2-11.el6          base                1.3 M
 python-devel           x86_64 2.6.6-29.el6_3.3       updates             167 k
 python-meld3           x86_64 0.6.7-1.el6            epel                 71 k
 rabbitmq-server        noarch 2.6.1-1.el6            epel                1.1 M
 shibboleth             x86_64 2.5.1-1.1              security_shibboleth 1.3 M
 supervisor             noarch 2.1-8.el6              epel                292 k
 tcl                    x86_64 1:8.5.7-6.el6          base                1.9 M
 tk                     x86_64 1:8.5.7-5.el6          base                1.4 M
 unixODBC               x86_64 2.2.14-12.el6_3        updates             378 k
 wxBase                 x86_64 2.8.12-1.el6.centos    extras              572 k
 wxGTK                  x86_64 2.8.12-1.el6.centos    extras              2.9 M
 wxGTK-gl               x86_64 2.8.12-1.el6.centos    extras               31 k
 xmltooling-schemas     x86_64 1.5.2-1.1              security_shibboleth  12 k
 zlib-devel             x86_64 1.2.3-27.el6           base                 44 k

Transaction Summary
================================================================================
Install     107 Package(s)

Total size: 77 M
Total download size: 77 M
Installed size: 203 M

+ '[' -f /tmp/kata-SKIP04 ']'
+ patchdir=/usr/share/kata-ckan-dev/setup-patches
+ service tomcat6 stop
Stopping tomcat6: [  OK  ]
+ cd /etc/tomcat6
+ patch -b -p2 -i /usr/share/kata-ckan-dev/setup-patches/tomcat6.conf.patch
patching file tomcat6.conf
+ python /usr/share/mcfg/tool/mcfg.py run /usr/share/mcfg/config/kata-template.ini /root/kata-master.ini 4
+ service tomcat6 start
Starting tomcat6: [  OK  ]
+ '[' -f /tmp/kata-SKIP08 ']'
+ instloc=/home/ckan
+ cd /home/ckan
+ mkdir -p /home/ckan/download
+ cd /home/ckan/download
+ curl -O https://raw.github.com/pypa/virtualenv/master/virtualenv.py
  % Total    % Received % Xferd  Average Speed   Time    Time     Time  Current
                                 Dload  Upload   Total   Spent    Left  Speed
  0     0    0     0    0     0      0      0 --:--:-- --:--:-- --:--:--     0 28  111k   28 32339    0     0  30371      0  0:00:03  0:00:01  0:00:02 72024100  111k  100  111k    0     0  80784      0  0:00:01  0:00:01 --:--:--  139k
+ cd ..
+ python download/virtualenv.py pyenv
New python executable in pyenv/bin/python
Installing setuptools............................done.
Installing pip.....................done.
+ '[' -f /tmp/kata-SKIP12 ']'
+ instloc=/home/ckan
+ cd /home/ckan
+ source pyenv/bin/activate
++ deactivate nondestructive
++ unset pydoc
++ '[' -n '' ']'
++ '[' -n '' ']'
++ '[' -n /bin/sh -o -n '' ']'
++ hash -r
++ '[' -n '' ']'
++ unset VIRTUAL_ENV
++ '[' '!' nondestructive = nondestructive ']'
++ VIRTUAL_ENV=/home/ckan/pyenv
++ export VIRTUAL_ENV
++ _OLD_VIRTUAL_PATH=/sbin:/bin:/usr/sbin:/usr/bin:/usr/X11R6/bin
++ PATH=/home/ckan/pyenv/bin:/sbin:/bin:/usr/sbin:/usr/bin:/usr/X11R6/bin
++ export PATH
++ '[' -n '' ']'
++ '[' -z '' ']'
++ _OLD_VIRTUAL_PS1=
++ '[' x '!=' x ']'
+++ basename /home/ckan/pyenv
++ '[' pyenv = __ ']'
+++ basename /home/ckan/pyenv
++ PS1='(pyenv)'
++ export PS1
++ alias 'pydoc=python -m pydoc'
++ '[' -n /bin/sh -o -n '' ']'
++ hash -r
+ '[' -r /etc/kata-ckan-dev/versions ']'
+ ckan_version=
+ pip install -e git+https://github.com/okfn/ckan.git#egg=ckan
Initialized empty Git repository in /home/ckan/pyenv/src/ckan/doc/_themes/sphinx-theme-okfn/.git/
Obtaining ckan from git+https://github.com/okfn/ckan.git#egg=ckan
  Cloning https://github.com/okfn/ckan.git to ./pyenv/src/ckan
  Running setup.py egg_info for package ckan
    /usr/lib64/python2.6/distutils/dist.py:266: UserWarning: Unknown distribution option: 'message_extractors'
      warnings.warn(msg)
    WARNING: ckanext.stats is a namespace package, but its __init__.py does
    not declare_namespace(); setuptools 0.7 will REQUIRE this!
    (See the setuptools manual under "Namespace Packages" for details.)
    
    warning: no files found matching '*' under directory 'ckanext/**/i18n'
    no previously-included directories found matching '.git'
Installing collected packages: ckan
  Running setup.py develop for ckan
    /usr/lib64/python2.6/distutils/dist.py:266: UserWarning: Unknown distribution option: 'message_extractors'
      warnings.warn(msg)
    WARNING: ckanext.stats is a namespace package, but its __init__.py does
    not declare_namespace(); setuptools 0.7 will REQUIRE this!
    (See the setuptools manual under "Namespace Packages" for details.)
    
    warning: no files found matching '*' under directory 'ckanext/**/i18n'
    no previously-included directories found matching '.git'
    Creating /home/ckan/pyenv/lib/python2.6/site-packages/ckan.egg-link (link to .)
    Adding ckan 2.0a to easy-install.pth file
    Installing ckan-admin script to /home/ckan/pyenv/bin
    
    Installed /home/ckan/pyenv/src/ckan
Successfully installed ckan
Cleaning up...
+ pip install -r pyenv/src/ckan/pip-requirements.txt
Downloading/unpacking Genshi==0.6 (from -r pyenv/src/ckan/pip-requirements.txt (line 5))
  Running setup.py egg_info for package Genshi
    warning: no previously-included files found matching 'doc/2000ft.graffle'
    warning: no previously-included files matching '*' found under directory 'doc/logo.lineform'
Downloading/unpacking sqlalchemy-migrate==0.7.2 (from -r pyenv/src/ckan/pip-requirements.txt (line 6))
  Running setup.py egg_info for package sqlalchemy-migrate
    warning: no files found matching '*' under directory 'tests'
    warning: no previously-included files matching '*pyc' found anywhere in distribution
    warning: no previously-included files found matching '.hgtags'
    warning: no previously-included files matching '*' found under directory 'docs/_build'
Downloading/unpacking sqlalchemy==0.7.8 (from -r pyenv/src/ckan/pip-requirements.txt (line 7))
  Running setup.py egg_info for package sqlalchemy
    warning: no files found matching '*.jpg' under directory 'doc'
    no previously-included directories found matching 'doc/build/output'
Downloading/unpacking webhelpers==1.3 (from -r pyenv/src/ckan/pip-requirements.txt (line 8))
  Running setup.py egg_info for package webhelpers
    no previously-included directories found matching 'docs/_build'
Downloading/unpacking pyutilib.component.core==4.5.3 (from -r pyenv/src/ckan/pip-requirements.txt (line 9))
  Downloading pyutilib.component.core-4.5.3.tar.gz
  Running setup.py egg_info for package pyutilib.component.core
Obtaining vdm from git+https://github.com/okfn/vdm.git@vdm-0.11#egg=vdm (from -r pyenv/src/ckan/pip-requirements.txt (line 10))
  Cloning https://github.com/okfn/vdm.git (to vdm-0.11) to ./pyenv/src/vdm
  Running setup.py egg_info for package vdm
Downloading/unpacking solrpy==0.9.5 (from -r pyenv/src/ckan/pip-requirements.txt (line 11))
  Running setup.py egg_info for package solrpy
    warning: no previously-included files matching '*.pyc' found anywhere in distribution
    warning: no previously-included files matching '*.pyo' found anywhere in distribution
Downloading/unpacking formalchemy==1.4.2 (from -r pyenv/src/ckan/pip-requirements.txt (line 12))
  Running setup.py egg_info for package formalchemy
    /usr/lib64/python2.6/distutils/dist.py:266: UserWarning: Unknown distribution option: 'message_extractors'
      warnings.warn(msg)
    .mo files compilation success
    warning: no previously-included files found matching 'docs/*.py'
    warning: no previously-included files found matching 'docs/Makefile'
    warning: no previously-included files found matching '*.ini'
    warning: no previously-included files found matching 'bootstrap.py'
    warning: no previously-included files found matching 'RELEASE_NOTES.txt'
    warning: no previously-included files matching '*' found under directory 'pylonsapp'
    warning: no files found matching '*pt' under directory 'formalchemy'
Downloading/unpacking pairtree==0.7.1-T (from -r pyenv/src/ckan/pip-requirements.txt (line 13))
  Downloading Pairtree-0.7.1-T.tar.gz
  Running setup.py egg_info for package pairtree
Downloading/unpacking ofs==0.4.1 (from -r pyenv/src/ckan/pip-requirements.txt (line 14))
  Running setup.py egg_info for package ofs
Downloading/unpacking apachemiddleware==0.1.1 (from -r pyenv/src/ckan/pip-requirements.txt (line 15))
  Downloading apachemiddleware-0.1.1.tar.gz
  Running setup.py egg_info for package apachemiddleware
    warning: no files found matching 'ez_setup.py'
Downloading/unpacking markupsafe==0.15 (from -r pyenv/src/ckan/pip-requirements.txt (line 16))
  Downloading MarkupSafe-0.15.tar.gz
  Running setup.py egg_info for package markupsafe
Downloading/unpacking babel==0.9.6 (from -r pyenv/src/ckan/pip-requirements.txt (line 17))
  Running setup.py egg_info for package babel
Downloading/unpacking psycopg2==2.4.5 (from -r pyenv/src/ckan/pip-requirements.txt (line 18))
  Running setup.py egg_info for package psycopg2
    no previously-included directories found matching 'doc/src/_build'
Downloading/unpacking webob==1.0.8 (from -r pyenv/src/ckan/pip-requirements.txt (line 19))
  Running setup.py egg_info for package webob
    no previously-included directories found matching '*.pyc'
    no previously-included directories found matching '*.pyo'
Downloading/unpacking Pylons==0.9.7 (from -r pyenv/src/ckan/pip-requirements.txt (line 20))
  Running setup.py egg_info for package Pylons
    warning: no previously-included files matching '*' found under directory 'tests/test_units/session'
    warning: no previously-included files matching '.DS_Store' found anywhere in distribution
    warning: no previously-included files matching '*.hgignore' found anywhere in distribution
    warning: no previously-included files matching '*.hgtags' found anywhere in distribution
Downloading/unpacking repoze.who==1.0.19 (from -r pyenv/src/ckan/pip-requirements.txt (line 21))
  Running setup.py egg_info for package repoze.who
Downloading/unpacking tempita==0.5.1 (from -r pyenv/src/ckan/pip-requirements.txt (line 22))
  Downloading Tempita-0.5.1.tar.gz
  Running setup.py egg_info for package tempita
    /usr/lib64/python2.6/distutils/dist.py:266: UserWarning: Unknown distribution option: 'use_2to3'
      warnings.warn(msg)
Downloading/unpacking zope.interface==4.0.1 (from -r pyenv/src/ckan/pip-requirements.txt (line 23))
  Running setup.py egg_info for package zope.interface
Downloading/unpacking repoze.who.plugins.openid==0.5.3 (from -r pyenv/src/ckan/pip-requirements.txt (line 24))
  Downloading repoze.who.plugins.openid-0.5.3.tar.gz
  Running setup.py egg_info for package repoze.who.plugins.openid
    /usr/lib64/python2.6/distutils/dist.py:266: UserWarning: Unknown distribution option: 'test_requires'
      warnings.warn(msg)
Downloading/unpacking repoze.who-friendlyform==1.0.8 (from -r pyenv/src/ckan/pip-requirements.txt (line 25))
  Downloading repoze.who-friendlyform-1.0.8.tar.gz
  Running setup.py egg_info for package repoze.who-friendlyform
    no previously-included directories found matching 'docs/build'
    warning: no previously-included files matching '*' found under directory 'tests'
    warning: no previously-included files matching '*~' found anywhere in distribution
    warning: no previously-included files matching '*.egg' found anywhere in distribution
    warning: no previously-included files matching '.directory' found anywhere in distribution
Downloading/unpacking routes==1.13 (from -r pyenv/src/ckan/pip-requirements.txt (line 26))
  Running setup.py egg_info for package routes
    warning: no previously-included files matching '.DS_Store' found anywhere in distribution
    warning: no previously-included files matching '*.hgignore' found anywhere in distribution
    warning: no previously-included files matching '*.hgtags' found anywhere in distribution
Downloading/unpacking paste==1.7.5.1 (from -r pyenv/src/ckan/pip-requirements.txt (line 27))
  Running setup.py egg_info for package paste
    warning: no previously-included files matching '*' found under directory 'docs/_build/_sources'
Downloading/unpacking Jinja2==2.6 (from -r pyenv/src/ckan/pip-requirements.txt (line 28))
  Running setup.py egg_info for package Jinja2
    warning: no previously-included files matching '*' found under directory 'docs/_build'
    warning: no previously-included files matching '*.pyc' found under directory 'jinja2'
    warning: no previously-included files matching '*.pyc' found under directory 'docs'
    warning: no previously-included files matching '*.pyo' found under directory 'jinja2'
    warning: no previously-included files matching '*.pyo' found under directory 'docs'
Downloading/unpacking fanstatic==0.12 (from -r pyenv/src/ckan/pip-requirements.txt (line 29))
  Running setup.py egg_info for package fanstatic
    warning: no previously-included files found matching '.installed.cfg'
    warning: no files found matching '*.txt' under directory 'doc'
Downloading/unpacking requests==0.14 (from -r pyenv/src/ckan/pip-requirements.txt (line 30))
  Running setup.py egg_info for package requests
    warning: no files found matching 'tests/*.'
Downloading/unpacking decorator (from sqlalchemy-migrate==0.7.2->-r pyenv/src/ckan/pip-requirements.txt (line 6))
  Downloading decorator-3.4.0.tar.gz
  Running setup.py egg_info for package decorator
    /usr/lib64/python2.6/distutils/dist.py:266: UserWarning: Unknown distribution option: 'use_2to3'
      warnings.warn(msg)
    warning: no previously-included files found matching 'Makefile'
Requirement already satisfied (use --upgrade to upgrade): setuptools in ./pyenv/lib/python2.6/site-packages/setuptools-0.6c11-py2.6.egg (from sqlalchemy-migrate==0.7.2->-r pyenv/src/ckan/pip-requirements.txt (line 6))
Downloading/unpacking argparse (from ofs==0.4.1->-r pyenv/src/ckan/pip-requirements.txt (line 14))
  Running setup.py egg_info for package argparse
    warning: no previously-included files matching '*.pyc' found anywhere in distribution
    warning: no previously-included files matching '*.pyo' found anywhere in distribution
    warning: no previously-included files matching '*.orig' found anywhere in distribution
    warning: no previously-included files matching '*.rej' found anywhere in distribution
    no previously-included directories found matching 'doc/_build'
    no previously-included directories found matching 'env24'
    no previously-included directories found matching 'env25'
    no previously-included directories found matching 'env26'
    no previously-included directories found matching 'env27'
Downloading/unpacking Beaker>=1.2.2 (from Pylons==0.9.7->-r pyenv/src/ckan/pip-requirements.txt (line 20))
  Running setup.py egg_info for package Beaker
Downloading/unpacking PasteDeploy>=1.3.3 (from Pylons==0.9.7->-r pyenv/src/ckan/pip-requirements.txt (line 20))
  Downloading PasteDeploy-1.5.0.tar.gz
  Running setup.py egg_info for package PasteDeploy
Downloading/unpacking PasteScript>=1.7.3 (from Pylons==0.9.7->-r pyenv/src/ckan/pip-requirements.txt (line 20))
  Running setup.py egg_info for package PasteScript
    warning: no previously-included files matching '*' found under directory 'docs/_build/_sources'
    warning: no files found matching '*.js' under directory 'paste'
    warning: no files found matching '*.jpg' under directory 'paste'
Downloading/unpacking FormEncode>=1.2.1 (from Pylons==0.9.7->-r pyenv/src/ckan/pip-requirements.txt (line 20))
  Running setup.py egg_info for package FormEncode
    warning: no files found matching '*.py' under directory '.'
    no previously-included directories found matching '**/.svn'
Downloading/unpacking simplejson>=2.0.8 (from Pylons==0.9.7->-r pyenv/src/ckan/pip-requirements.txt (line 20))
  Running setup.py egg_info for package simplejson
Downloading/unpacking nose>=0.10.4 (from Pylons==0.9.7->-r pyenv/src/ckan/pip-requirements.txt (line 20))
  Running setup.py egg_info for package nose
    no previously-included directories found matching 'doc/.build'
Downloading/unpacking Mako>=0.2.4 (from Pylons==0.9.7->-r pyenv/src/ckan/pip-requirements.txt (line 20))
  Running setup.py egg_info for package Mako
    warning: no files found matching '*.xml' under directory 'examples'
    warning: no files found matching '*.mako' under directory 'examples'
    warning: no files found matching 'ez_setup.py'
    no previously-included directories found matching 'doc/build/output'
Downloading/unpacking WebError>=0.10.1 (from Pylons==0.9.7->-r pyenv/src/ckan/pip-requirements.txt (line 20))
  Running setup.py egg_info for package WebError
Downloading/unpacking WebTest>=1.1 (from Pylons==0.9.7->-r pyenv/src/ckan/pip-requirements.txt (line 20))
  Running setup.py egg_info for package WebTest
    no previously-included directories found matching 'docs/_build'
    warning: no previously-included files matching '*.pyc' found anywhere in distribution
    warning: no previously-included files matching '__pycache__' found anywhere in distribution
Downloading/unpacking python-openid>=2.0 (from repoze.who.plugins.openid==0.5.3->-r pyenv/src/ckan/pip-requirements.txt (line 24))
  Running setup.py egg_info for package python-openid
    warning: no files found matching 'CHANGELOG'
    warning: no files found matching '*.css' under directory 'doc'
    warning: no files found matching '*.html' under directory 'doc'
Downloading/unpacking repoze.lru>=0.3 (from routes==1.13->-r pyenv/src/ckan/pip-requirements.txt (line 26))
  Downloading repoze.lru-0.6.tar.gz
  Running setup.py egg_info for package repoze.lru
Downloading/unpacking Pygments (from WebError>=0.10.1->Pylons==0.9.7->-r pyenv/src/ckan/pip-requirements.txt (line 20))
  Running setup.py egg_info for package Pygments
Installing collected packages: Genshi, sqlalchemy-migrate, sqlalchemy, webhelpers, pyutilib.component.core, vdm, solrpy, formalchemy, pairtree, ofs, apachemiddleware, markupsafe, babel, psycopg2, webob, Pylons, repoze.who, tempita, zope.interface, repoze.who.plugins.openid, repoze.who-friendlyform, routes, paste, Jinja2, fanstatic, requests, decorator, argparse, Beaker, PasteDeploy, PasteScript, FormEncode, simplejson, nose, Mako, WebError, WebTest, python-openid, repoze.lru, Pygments
  Running setup.py install for Genshi
    warning: no previously-included files found matching 'doc/2000ft.graffle'
    warning: no previously-included files matching '*' found under directory 'doc/logo.lineform'
  Running setup.py install for sqlalchemy-migrate
    warning: no files found matching '*' under directory 'tests'
    warning: no previously-included files matching '*pyc' found anywhere in distribution
    warning: no previously-included files found matching '.hgtags'
    warning: no previously-included files matching '*' found under directory 'docs/_build'
    Installing migrate script to /home/ckan/pyenv/bin
    Installing migrate-repository script to /home/ckan/pyenv/bin
  Running setup.py install for sqlalchemy
    building 'sqlalchemy.cprocessors' extension
    gcc -pthread -fno-strict-aliasing -O2 -g -pipe -Wall -Wp,-D_FORTIFY_SOURCE=2 -fexceptions -fstack-protector --param=ssp-buffer-size=4 -m64 -mtune=generic -D_GNU_SOURCE -fPIC -fwrapv -DNDEBUG -O2 -g -pipe -Wall -Wp,-D_FORTIFY_SOURCE=2 -fexceptions -fstack-protector --param=ssp-buffer-size=4 -m64 -mtune=generic -D_GNU_SOURCE -fPIC -fwrapv -fPIC -I/usr/include/python2.6 -c lib/sqlalchemy/cextension/processors.c -o build/temp.linux-x86_64-2.6/lib/sqlalchemy/cextension/processors.o
    gcc -pthread -shared build/temp.linux-x86_64-2.6/lib/sqlalchemy/cextension/processors.o -L/usr/lib64 -lpython2.6 -o build/lib.linux-x86_64-2.6/sqlalchemy/cprocessors.so
    building 'sqlalchemy.cresultproxy' extension
    gcc -pthread -fno-strict-aliasing -O2 -g -pipe -Wall -Wp,-D_FORTIFY_SOURCE=2 -fexceptions -fstack-protector --param=ssp-buffer-size=4 -m64 -mtune=generic -D_GNU_SOURCE -fPIC -fwrapv -DNDEBUG -O2 -g -pipe -Wall -Wp,-D_FORTIFY_SOURCE=2 -fexceptions -fstack-protector --param=ssp-buffer-size=4 -m64 -mtune=generic -D_GNU_SOURCE -fPIC -fwrapv -fPIC -I/usr/include/python2.6 -c lib/sqlalchemy/cextension/resultproxy.c -o build/temp.linux-x86_64-2.6/lib/sqlalchemy/cextension/resultproxy.o
    gcc -pthread -shared build/temp.linux-x86_64-2.6/lib/sqlalchemy/cextension/resultproxy.o -L/usr/lib64 -lpython2.6 -o build/lib.linux-x86_64-2.6/sqlalchemy/cresultproxy.so
    warning: no files found matching '*.jpg' under directory 'doc'
    no previously-included directories found matching 'doc/build/output'
  Running setup.py install for webhelpers
    no previously-included directories found matching 'docs/_build'
  Running setup.py install for pyutilib.component.core
    Skipping installation of /home/ckan/pyenv/lib/python2.6/site-packages/pyutilib/__init__.py (namespace package)
    Skipping installation of /home/ckan/pyenv/lib/python2.6/site-packages/pyutilib/component/__init__.py (namespace package)
    SyntaxError: ('invalid syntax', ('/home/ckan/pyenv/lib/python2.6/site-packages/pyutilib/component/core/core3.py', 320, 34, 'class Interface(object, metaclass=InterfaceMeta):\n'))
    
    Installing /home/ckan/pyenv/lib/python2.6/site-packages/pyutilib.component.core-4.5.3-py2.6-nspkg.pth
  Running setup.py develop for vdm
    Creating /home/ckan/pyenv/lib/python2.6/site-packages/vdm.egg-link (link to .)
    Adding vdm 0.10 to easy-install.pth file
    
    Installed /home/ckan/pyenv/src/vdm
  Running setup.py install for solrpy
    warning: no previously-included files matching '*.pyo' found anywhere in distribution
  Running setup.py install for formalchemy
    /usr/lib64/python2.6/distutils/dist.py:266: UserWarning: Unknown distribution option: 'message_extractors'
      warnings.warn(msg)
    .mo files compilation success
    warning: no previously-included files found matching 'docs/*.py'
    warning: no previously-included files found matching 'docs/Makefile'
    warning: no previously-included files found matching '*.ini'
    warning: no previously-included files found matching 'bootstrap.py'
    warning: no previously-included files found matching 'RELEASE_NOTES.txt'
    warning: no previously-included files matching '*' found under directory 'pylonsapp'
    warning: no files found matching '*pt' under directory 'formalchemy'
  Running setup.py install for pairtree
    changing mode of build/scripts-2.6/ppath from 644 to 755
    changing mode of /home/ckan/pyenv/bin/ppath to 755
  Running setup.py install for ofs
    Installing ofs_upload script to /home/ckan/pyenv/bin
  Running setup.py install for apachemiddleware
    warning: no files found matching 'ez_setup.py'
  Running setup.py install for markupsafe
    building 'markupsafe._speedups' extension
    gcc -pthread -fno-strict-aliasing -O2 -g -pipe -Wall -Wp,-D_FORTIFY_SOURCE=2 -fexceptions -fstack-protector --param=ssp-buffer-size=4 -m64 -mtune=generic -D_GNU_SOURCE -fPIC -fwrapv -DNDEBUG -O2 -g -pipe -Wall -Wp,-D_FORTIFY_SOURCE=2 -fexceptions -fstack-protector --param=ssp-buffer-size=4 -m64 -mtune=generic -D_GNU_SOURCE -fPIC -fwrapv -fPIC -I/usr/include/python2.6 -c markupsafe/_speedups.c -o build/temp.linux-x86_64-2.6/markupsafe/_speedups.o
    gcc -pthread -shared build/temp.linux-x86_64-2.6/markupsafe/_speedups.o -L/usr/lib64 -lpython2.6 -o build/lib.linux-x86_64-2.6/markupsafe/_speedups.so
  Running setup.py install for babel
    Installing pybabel script to /home/ckan/pyenv/bin
  Running setup.py install for psycopg2
    building 'psycopg2._psycopg' extension
    gcc -pthread -fno-strict-aliasing -O2 -g -pipe -Wall -Wp,-D_FORTIFY_SOURCE=2 -fexceptions -fstack-protector --param=ssp-buffer-size=4 -m64 -mtune=generic -D_GNU_SOURCE -fPIC -fwrapv -DNDEBUG -O2 -g -pipe -Wall -Wp,-D_FORTIFY_SOURCE=2 -fexceptions -fstack-protector --param=ssp-buffer-size=4 -m64 -mtune=generic -D_GNU_SOURCE -fPIC -fwrapv -fPIC -DPSYCOPG_DEFAULT_PYDATETIME=1 -DPSYCOPG_VERSION="2.4.5 (dt dec pq3 ext)" -DPG_VERSION_HEX=0x08040D -DPSYCOPG_EXTENSIONS=1 -DPSYCOPG_NEW_BOOLEAN=1 -DHAVE_PQFREEMEM=1 -I/usr/include/python2.6 -I. -I/usr/include -I/usr/include/pgsql/server -c psycopg/psycopgmodule.c -o build/temp.linux-x86_64-2.6/psycopg/psycopgmodule.o -Wdeclaration-after-statement
    gcc -pthread -fno-strict-aliasing -O2 -g -pipe -Wall -Wp,-D_FORTIFY_SOURCE=2 -fexceptions -fstack-protector --param=ssp-buffer-size=4 -m64 -mtune=generic -D_GNU_SOURCE -fPIC -fwrapv -DNDEBUG -O2 -g -pipe -Wall -Wp,-D_FORTIFY_SOURCE=2 -fexceptions -fstack-protector --param=ssp-buffer-size=4 -m64 -mtune=generic -D_GNU_SOURCE -fPIC -fwrapv -fPIC -DPSYCOPG_DEFAULT_PYDATETIME=1 -DPSYCOPG_VERSION="2.4.5 (dt dec pq3 ext)" -DPG_VERSION_HEX=0x08040D -DPSYCOPG_EXTENSIONS=1 -DPSYCOPG_NEW_BOOLEAN=1 -DHAVE_PQFREEMEM=1 -I/usr/include/python2.6 -I. -I/usr/include -I/usr/include/pgsql/server -c psycopg/green.c -o build/temp.linux-x86_64-2.6/psycopg/green.o -Wdeclaration-after-statement
    gcc -pthread -fno-strict-aliasing -O2 -g -pipe -Wall -Wp,-D_FORTIFY_SOURCE=2 -fexceptions -fstack-protector --param=ssp-buffer-size=4 -m64 -mtune=generic -D_GNU_SOURCE -fPIC -fwrapv -DNDEBUG -O2 -g -pipe -Wall -Wp,-D_FORTIFY_SOURCE=2 -fexceptions -fstack-protector --param=ssp-buffer-size=4 -m64 -mtune=generic -D_GNU_SOURCE -fPIC -fwrapv -fPIC -DPSYCOPG_DEFAULT_PYDATETIME=1 -DPSYCOPG_VERSION="2.4.5 (dt dec pq3 ext)" -DPG_VERSION_HEX=0x08040D -DPSYCOPG_EXTENSIONS=1 -DPSYCOPG_NEW_BOOLEAN=1 -DHAVE_PQFREEMEM=1 -I/usr/include/python2.6 -I. -I/usr/include -I/usr/include/pgsql/server -c psycopg/pqpath.c -o build/temp.linux-x86_64-2.6/psycopg/pqpath.o -Wdeclaration-after-statement
    gcc -pthread -fno-strict-aliasing -O2 -g -pipe -Wall -Wp,-D_FORTIFY_SOURCE=2 -fexceptions -fstack-protector --param=ssp-buffer-size=4 -m64 -mtune=generic -D_GNU_SOURCE -fPIC -fwrapv -DNDEBUG -O2 -g -pipe -Wall -Wp,-D_FORTIFY_SOURCE=2 -fexceptions -fstack-protector --param=ssp-buffer-size=4 -m64 -mtune=generic -D_GNU_SOURCE -fPIC -fwrapv -fPIC -DPSYCOPG_DEFAULT_PYDATETIME=1 -DPSYCOPG_VERSION="2.4.5 (dt dec pq3 ext)" -DPG_VERSION_HEX=0x08040D -DPSYCOPG_EXTENSIONS=1 -DPSYCOPG_NEW_BOOLEAN=1 -DHAVE_PQFREEMEM=1 -I/usr/include/python2.6 -I. -I/usr/include -I/usr/include/pgsql/server -c psycopg/utils.c -o build/temp.linux-x86_64-2.6/psycopg/utils.o -Wdeclaration-after-statement
    gcc -pthread -fno-strict-aliasing -O2 -g -pipe -Wall -Wp,-D_FORTIFY_SOURCE=2 -fexceptions -fstack-protector --param=ssp-buffer-size=4 -m64 -mtune=generic -D_GNU_SOURCE -fPIC -fwrapv -DNDEBUG -O2 -g -pipe -Wall -Wp,-D_FORTIFY_SOURCE=2 -fexceptions -fstack-protector --param=ssp-buffer-size=4 -m64 -mtune=generic -D_GNU_SOURCE -fPIC -fwrapv -fPIC -DPSYCOPG_DEFAULT_PYDATETIME=1 -DPSYCOPG_VERSION="2.4.5 (dt dec pq3 ext)" -DPG_VERSION_HEX=0x08040D -DPSYCOPG_EXTENSIONS=1 -DPSYCOPG_NEW_BOOLEAN=1 -DHAVE_PQFREEMEM=1 -I/usr/include/python2.6 -I. -I/usr/include -I/usr/include/pgsql/server -c psycopg/bytes_format.c -o build/temp.linux-x86_64-2.6/psycopg/bytes_format.o -Wdeclaration-after-statement
    gcc -pthread -fno-strict-aliasing -O2 -g -pipe -Wall -Wp,-D_FORTIFY_SOURCE=2 -fexceptions -fstack-protector --param=ssp-buffer-size=4 -m64 -mtune=generic -D_GNU_SOURCE -fPIC -fwrapv -DNDEBUG -O2 -g -pipe -Wall -Wp,-D_FORTIFY_SOURCE=2 -fexceptions -fstack-protector --param=ssp-buffer-size=4 -m64 -mtune=generic -D_GNU_SOURCE -fPIC -fwrapv -fPIC -DPSYCOPG_DEFAULT_PYDATETIME=1 -DPSYCOPG_VERSION="2.4.5 (dt dec pq3 ext)" -DPG_VERSION_HEX=0x08040D -DPSYCOPG_EXTENSIONS=1 -DPSYCOPG_NEW_BOOLEAN=1 -DHAVE_PQFREEMEM=1 -I/usr/include/python2.6 -I. -I/usr/include -I/usr/include/pgsql/server -c psycopg/connection_int.c -o build/temp.linux-x86_64-2.6/psycopg/connection_int.o -Wdeclaration-after-statement
    gcc -pthread -fno-strict-aliasing -O2 -g -pipe -Wall -Wp,-D_FORTIFY_SOURCE=2 -fexceptions -fstack-protector --param=ssp-buffer-size=4 -m64 -mtune=generic -D_GNU_SOURCE -fPIC -fwrapv -DNDEBUG -O2 -g -pipe -Wall -Wp,-D_FORTIFY_SOURCE=2 -fexceptions -fstack-protector --param=ssp-buffer-size=4 -m64 -mtune=generic -D_GNU_SOURCE -fPIC -fwrapv -fPIC -DPSYCOPG_DEFAULT_PYDATETIME=1 -DPSYCOPG_VERSION="2.4.5 (dt dec pq3 ext)" -DPG_VERSION_HEX=0x08040D -DPSYCOPG_EXTENSIONS=1 -DPSYCOPG_NEW_BOOLEAN=1 -DHAVE_PQFREEMEM=1 -I/usr/include/python2.6 -I. -I/usr/include -I/usr/include/pgsql/server -c psycopg/connection_type.c -o build/temp.linux-x86_64-2.6/psycopg/connection_type.o -Wdeclaration-after-statement
    gcc -pthread -fno-strict-aliasing -O2 -g -pipe -Wall -Wp,-D_FORTIFY_SOURCE=2 -fexceptions -fstack-protector --param=ssp-buffer-size=4 -m64 -mtune=generic -D_GNU_SOURCE -fPIC -fwrapv -DNDEBUG -O2 -g -pipe -Wall -Wp,-D_FORTIFY_SOURCE=2 -fexceptions -fstack-protector --param=ssp-buffer-size=4 -m64 -mtune=generic -D_GNU_SOURCE -fPIC -fwrapv -fPIC -DPSYCOPG_DEFAULT_PYDATETIME=1 -DPSYCOPG_VERSION="2.4.5 (dt dec pq3 ext)" -DPG_VERSION_HEX=0x08040D -DPSYCOPG_EXTENSIONS=1 -DPSYCOPG_NEW_BOOLEAN=1 -DHAVE_PQFREEMEM=1 -I/usr/include/python2.6 -I. -I/usr/include -I/usr/include/pgsql/server -c psycopg/cursor_int.c -o build/temp.linux-x86_64-2.6/psycopg/cursor_int.o -Wdeclaration-after-statement
    gcc -pthread -fno-strict-aliasing -O2 -g -pipe -Wall -Wp,-D_FORTIFY_SOURCE=2 -fexceptions -fstack-protector --param=ssp-buffer-size=4 -m64 -mtune=generic -D_GNU_SOURCE -fPIC -fwrapv -DNDEBUG -O2 -g -pipe -Wall -Wp,-D_FORTIFY_SOURCE=2 -fexceptions -fstack-protector --param=ssp-buffer-size=4 -m64 -mtune=generic -D_GNU_SOURCE -fPIC -fwrapv -fPIC -DPSYCOPG_DEFAULT_PYDATETIME=1 -DPSYCOPG_VERSION="2.4.5 (dt dec pq3 ext)" -DPG_VERSION_HEX=0x08040D -DPSYCOPG_EXTENSIONS=1 -DPSYCOPG_NEW_BOOLEAN=1 -DHAVE_PQFREEMEM=1 -I/usr/include/python2.6 -I. -I/usr/include -I/usr/include/pgsql/server -c psycopg/cursor_type.c -o build/temp.linux-x86_64-2.6/psycopg/cursor_type.o -Wdeclaration-after-statement
    gcc -pthread -fno-strict-aliasing -O2 -g -pipe -Wall -Wp,-D_FORTIFY_SOURCE=2 -fexceptions -fstack-protector --param=ssp-buffer-size=4 -m64 -mtune=generic -D_GNU_SOURCE -fPIC -fwrapv -DNDEBUG -O2 -g -pipe -Wall -Wp,-D_FORTIFY_SOURCE=2 -fexceptions -fstack-protector --param=ssp-buffer-size=4 -m64 -mtune=generic -D_GNU_SOURCE -fPIC -fwrapv -fPIC -DPSYCOPG_DEFAULT_PYDATETIME=1 -DPSYCOPG_VERSION="2.4.5 (dt dec pq3 ext)" -DPG_VERSION_HEX=0x08040D -DPSYCOPG_EXTENSIONS=1 -DPSYCOPG_NEW_BOOLEAN=1 -DHAVE_PQFREEMEM=1 -I/usr/include/python2.6 -I. -I/usr/include -I/usr/include/pgsql/server -c psycopg/lobject_int.c -o build/temp.linux-x86_64-2.6/psycopg/lobject_int.o -Wdeclaration-after-statement
    gcc -pthread -fno-strict-aliasing -O2 -g -pipe -Wall -Wp,-D_FORTIFY_SOURCE=2 -fexceptions -fstack-protector --param=ssp-buffer-size=4 -m64 -mtune=generic -D_GNU_SOURCE -fPIC -fwrapv -DNDEBUG -O2 -g -pipe -Wall -Wp,-D_FORTIFY_SOURCE=2 -fexceptions -fstack-protector --param=ssp-buffer-size=4 -m64 -mtune=generic -D_GNU_SOURCE -fPIC -fwrapv -fPIC -DPSYCOPG_DEFAULT_PYDATETIME=1 -DPSYCOPG_VERSION="2.4.5 (dt dec pq3 ext)" -DPG_VERSION_HEX=0x08040D -DPSYCOPG_EXTENSIONS=1 -DPSYCOPG_NEW_BOOLEAN=1 -DHAVE_PQFREEMEM=1 -I/usr/include/python2.6 -I. -I/usr/include -I/usr/include/pgsql/server -c psycopg/lobject_type.c -o build/temp.linux-x86_64-2.6/psycopg/lobject_type.o -Wdeclaration-after-statement
    gcc -pthread -fno-strict-aliasing -O2 -g -pipe -Wall -Wp,-D_FORTIFY_SOURCE=2 -fexceptions -fstack-protector --param=ssp-buffer-size=4 -m64 -mtune=generic -D_GNU_SOURCE -fPIC -fwrapv -DNDEBUG -O2 -g -pipe -Wall -Wp,-D_FORTIFY_SOURCE=2 -fexceptions -fstack-protector --param=ssp-buffer-size=4 -m64 -mtune=generic -D_GNU_SOURCE -fPIC -fwrapv -fPIC -DPSYCOPG_DEFAULT_PYDATETIME=1 -DPSYCOPG_VERSION="2.4.5 (dt dec pq3 ext)" -DPG_VERSION_HEX=0x08040D -DPSYCOPG_EXTENSIONS=1 -DPSYCOPG_NEW_BOOLEAN=1 -DHAVE_PQFREEMEM=1 -I/usr/include/python2.6 -I. -I/usr/include -I/usr/include/pgsql/server -c psycopg/notify_type.c -o build/temp.linux-x86_64-2.6/psycopg/notify_type.o -Wdeclaration-after-statement
    gcc -pthread -fno-strict-aliasing -O2 -g -pipe -Wall -Wp,-D_FORTIFY_SOURCE=2 -fexceptions -fstack-protector --param=ssp-buffer-size=4 -m64 -mtune=generic -D_GNU_SOURCE -fPIC -fwrapv -DNDEBUG -O2 -g -pipe -Wall -Wp,-D_FORTIFY_SOURCE=2 -fexceptions -fstack-protector --param=ssp-buffer-size=4 -m64 -mtune=generic -D_GNU_SOURCE -fPIC -fwrapv -fPIC -DPSYCOPG_DEFAULT_PYDATETIME=1 -DPSYCOPG_VERSION="2.4.5 (dt dec pq3 ext)" -DPG_VERSION_HEX=0x08040D -DPSYCOPG_EXTENSIONS=1 -DPSYCOPG_NEW_BOOLEAN=1 -DHAVE_PQFREEMEM=1 -I/usr/include/python2.6 -I. -I/usr/include -I/usr/include/pgsql/server -c psycopg/xid_type.c -o build/temp.linux-x86_64-2.6/psycopg/xid_type.o -Wdeclaration-after-statement
    gcc -pthread -fno-strict-aliasing -O2 -g -pipe -Wall -Wp,-D_FORTIFY_SOURCE=2 -fexceptions -fstack-protector --param=ssp-buffer-size=4 -m64 -mtune=generic -D_GNU_SOURCE -fPIC -fwrapv -DNDEBUG -O2 -g -pipe -Wall -Wp,-D_FORTIFY_SOURCE=2 -fexceptions -fstack-protector --param=ssp-buffer-size=4 -m64 -mtune=generic -D_GNU_SOURCE -fPIC -fwrapv -fPIC -DPSYCOPG_DEFAULT_PYDATETIME=1 -DPSYCOPG_VERSION="2.4.5 (dt dec pq3 ext)" -DPG_VERSION_HEX=0x08040D -DPSYCOPG_EXTENSIONS=1 -DPSYCOPG_NEW_BOOLEAN=1 -DHAVE_PQFREEMEM=1 -I/usr/include/python2.6 -I. -I/usr/include -I/usr/include/pgsql/server -c psycopg/adapter_asis.c -o build/temp.linux-x86_64-2.6/psycopg/adapter_asis.o -Wdeclaration-after-statement
    gcc -pthread -fno-strict-aliasing -O2 -g -pipe -Wall -Wp,-D_FORTIFY_SOURCE=2 -fexceptions -fstack-protector --param=ssp-buffer-size=4 -m64 -mtune=generic -D_GNU_SOURCE -fPIC -fwrapv -DNDEBUG -O2 -g -pipe -Wall -Wp,-D_FORTIFY_SOURCE=2 -fexceptions -fstack-protector --param=ssp-buffer-size=4 -m64 -mtune=generic -D_GNU_SOURCE -fPIC -fwrapv -fPIC -DPSYCOPG_DEFAULT_PYDATETIME=1 -DPSYCOPG_VERSION="2.4.5 (dt dec pq3 ext)" -DPG_VERSION_HEX=0x08040D -DPSYCOPG_EXTENSIONS=1 -DPSYCOPG_NEW_BOOLEAN=1 -DHAVE_PQFREEMEM=1 -I/usr/include/python2.6 -I. -I/usr/include -I/usr/include/pgsql/server -c psycopg/adapter_binary.c -o build/temp.linux-x86_64-2.6/psycopg/adapter_binary.o -Wdeclaration-after-statement
    gcc -pthread -fno-strict-aliasing -O2 -g -pipe -Wall -Wp,-D_FORTIFY_SOURCE=2 -fexceptions -fstack-protector --param=ssp-buffer-size=4 -m64 -mtune=generic -D_GNU_SOURCE -fPIC -fwrapv -DNDEBUG -O2 -g -pipe -Wall -Wp,-D_FORTIFY_SOURCE=2 -fexceptions -fstack-protector --param=ssp-buffer-size=4 -m64 -mtune=generic -D_GNU_SOURCE -fPIC -fwrapv -fPIC -DPSYCOPG_DEFAULT_PYDATETIME=1 -DPSYCOPG_VERSION="2.4.5 (dt dec pq3 ext)" -DPG_VERSION_HEX=0x08040D -DPSYCOPG_EXTENSIONS=1 -DPSYCOPG_NEW_BOOLEAN=1 -DHAVE_PQFREEMEM=1 -I/usr/include/python2.6 -I. -I/usr/include -I/usr/include/pgsql/server -c psycopg/adapter_datetime.c -o build/temp.linux-x86_64-2.6/psycopg/adapter_datetime.o -Wdeclaration-after-statement
    gcc -pthread -fno-strict-aliasing -O2 -g -pipe -Wall -Wp,-D_FORTIFY_SOURCE=2 -fexceptions -fstack-protector --param=ssp-buffer-size=4 -m64 -mtune=generic -D_GNU_SOURCE -fPIC -fwrapv -DNDEBUG -O2 -g -pipe -Wall -Wp,-D_FORTIFY_SOURCE=2 -fexceptions -fstack-protector --param=ssp-buffer-size=4 -m64 -mtune=generic -D_GNU_SOURCE -fPIC -fwrapv -fPIC -DPSYCOPG_DEFAULT_PYDATETIME=1 -DPSYCOPG_VERSION="2.4.5 (dt dec pq3 ext)" -DPG_VERSION_HEX=0x08040D -DPSYCOPG_EXTENSIONS=1 -DPSYCOPG_NEW_BOOLEAN=1 -DHAVE_PQFREEMEM=1 -I/usr/include/python2.6 -I. -I/usr/include -I/usr/include/pgsql/server -c psycopg/adapter_list.c -o build/temp.linux-x86_64-2.6/psycopg/adapter_list.o -Wdeclaration-after-statement
    gcc -pthread -fno-strict-aliasing -O2 -g -pipe -Wall -Wp,-D_FORTIFY_SOURCE=2 -fexceptions -fstack-protector --param=ssp-buffer-size=4 -m64 -mtune=generic -D_GNU_SOURCE -fPIC -fwrapv -DNDEBUG -O2 -g -pipe -Wall -Wp,-D_FORTIFY_SOURCE=2 -fexceptions -fstack-protector --param=ssp-buffer-size=4 -m64 -mtune=generic -D_GNU_SOURCE -fPIC -fwrapv -fPIC -DPSYCOPG_DEFAULT_PYDATETIME=1 -DPSYCOPG_VERSION="2.4.5 (dt dec pq3 ext)" -DPG_VERSION_HEX=0x08040D -DPSYCOPG_EXTENSIONS=1 -DPSYCOPG_NEW_BOOLEAN=1 -DHAVE_PQFREEMEM=1 -I/usr/include/python2.6 -I. -I/usr/include -I/usr/include/pgsql/server -c psycopg/adapter_pboolean.c -o build/temp.linux-x86_64-2.6/psycopg/adapter_pboolean.o -Wdeclaration-after-statement
    gcc -pthread -fno-strict-aliasing -O2 -g -pipe -Wall -Wp,-D_FORTIFY_SOURCE=2 -fexceptions -fstack-protector --param=ssp-buffer-size=4 -m64 -mtune=generic -D_GNU_SOURCE -fPIC -fwrapv -DNDEBUG -O2 -g -pipe -Wall -Wp,-D_FORTIFY_SOURCE=2 -fexceptions -fstack-protector --param=ssp-buffer-size=4 -m64 -mtune=generic -D_GNU_SOURCE -fPIC -fwrapv -fPIC -DPSYCOPG_DEFAULT_PYDATETIME=1 -DPSYCOPG_VERSION="2.4.5 (dt dec pq3 ext)" -DPG_VERSION_HEX=0x08040D -DPSYCOPG_EXTENSIONS=1 -DPSYCOPG_NEW_BOOLEAN=1 -DHAVE_PQFREEMEM=1 -I/usr/include/python2.6 -I. -I/usr/include -I/usr/include/pgsql/server -c psycopg/adapter_pdecimal.c -o build/temp.linux-x86_64-2.6/psycopg/adapter_pdecimal.o -Wdeclaration-after-statement
    gcc -pthread -fno-strict-aliasing -O2 -g -pipe -Wall -Wp,-D_FORTIFY_SOURCE=2 -fexceptions -fstack-protector --param=ssp-buffer-size=4 -m64 -mtune=generic -D_GNU_SOURCE -fPIC -fwrapv -DNDEBUG -O2 -g -pipe -Wall -Wp,-D_FORTIFY_SOURCE=2 -fexceptions -fstack-protector --param=ssp-buffer-size=4 -m64 -mtune=generic -D_GNU_SOURCE -fPIC -fwrapv -fPIC -DPSYCOPG_DEFAULT_PYDATETIME=1 -DPSYCOPG_VERSION="2.4.5 (dt dec pq3 ext)" -DPG_VERSION_HEX=0x08040D -DPSYCOPG_EXTENSIONS=1 -DPSYCOPG_NEW_BOOLEAN=1 -DHAVE_PQFREEMEM=1 -I/usr/include/python2.6 -I. -I/usr/include -I/usr/include/pgsql/server -c psycopg/adapter_pint.c -o build/temp.linux-x86_64-2.6/psycopg/adapter_pint.o -Wdeclaration-after-statement
    gcc -pthread -fno-strict-aliasing -O2 -g -pipe -Wall -Wp,-D_FORTIFY_SOURCE=2 -fexceptions -fstack-protector --param=ssp-buffer-size=4 -m64 -mtune=generic -D_GNU_SOURCE -fPIC -fwrapv -DNDEBUG -O2 -g -pipe -Wall -Wp,-D_FORTIFY_SOURCE=2 -fexceptions -fstack-protector --param=ssp-buffer-size=4 -m64 -mtune=generic -D_GNU_SOURCE -fPIC -fwrapv -fPIC -DPSYCOPG_DEFAULT_PYDATETIME=1 -DPSYCOPG_VERSION="2.4.5 (dt dec pq3 ext)" -DPG_VERSION_HEX=0x08040D -DPSYCOPG_EXTENSIONS=1 -DPSYCOPG_NEW_BOOLEAN=1 -DHAVE_PQFREEMEM=1 -I/usr/include/python2.6 -I. -I/usr/include -I/usr/include/pgsql/server -c psycopg/adapter_pfloat.c -o build/temp.linux-x86_64-2.6/psycopg/adapter_pfloat.o -Wdeclaration-after-statement
    gcc -pthread -fno-strict-aliasing -O2 -g -pipe -Wall -Wp,-D_FORTIFY_SOURCE=2 -fexceptions -fstack-protector --param=ssp-buffer-size=4 -m64 -mtune=generic -D_GNU_SOURCE -fPIC -fwrapv -DNDEBUG -O2 -g -pipe -Wall -Wp,-D_FORTIFY_SOURCE=2 -fexceptions -fstack-protector --param=ssp-buffer-size=4 -m64 -mtune=generic -D_GNU_SOURCE -fPIC -fwrapv -fPIC -DPSYCOPG_DEFAULT_PYDATETIME=1 -DPSYCOPG_VERSION="2.4.5 (dt dec pq3 ext)" -DPG_VERSION_HEX=0x08040D -DPSYCOPG_EXTENSIONS=1 -DPSYCOPG_NEW_BOOLEAN=1 -DHAVE_PQFREEMEM=1 -I/usr/include/python2.6 -I. -I/usr/include -I/usr/include/pgsql/server -c psycopg/adapter_qstring.c -o build/temp.linux-x86_64-2.6/psycopg/adapter_qstring.o -Wdeclaration-after-statement
    gcc -pthread -fno-strict-aliasing -O2 -g -pipe -Wall -Wp,-D_FORTIFY_SOURCE=2 -fexceptions -fstack-protector --param=ssp-buffer-size=4 -m64 -mtune=generic -D_GNU_SOURCE -fPIC -fwrapv -DNDEBUG -O2 -g -pipe -Wall -Wp,-D_FORTIFY_SOURCE=2 -fexceptions -fstack-protector --param=ssp-buffer-size=4 -m64 -mtune=generic -D_GNU_SOURCE -fPIC -fwrapv -fPIC -DPSYCOPG_DEFAULT_PYDATETIME=1 -DPSYCOPG_VERSION="2.4.5 (dt dec pq3 ext)" -DPG_VERSION_HEX=0x08040D -DPSYCOPG_EXTENSIONS=1 -DPSYCOPG_NEW_BOOLEAN=1 -DHAVE_PQFREEMEM=1 -I/usr/include/python2.6 -I. -I/usr/include -I/usr/include/pgsql/server -c psycopg/microprotocols.c -o build/temp.linux-x86_64-2.6/psycopg/microprotocols.o -Wdeclaration-after-statement
    gcc -pthread -fno-strict-aliasing -O2 -g -pipe -Wall -Wp,-D_FORTIFY_SOURCE=2 -fexceptions -fstack-protector --param=ssp-buffer-size=4 -m64 -mtune=generic -D_GNU_SOURCE -fPIC -fwrapv -DNDEBUG -O2 -g -pipe -Wall -Wp,-D_FORTIFY_SOURCE=2 -fexceptions -fstack-protector --param=ssp-buffer-size=4 -m64 -mtune=generic -D_GNU_SOURCE -fPIC -fwrapv -fPIC -DPSYCOPG_DEFAULT_PYDATETIME=1 -DPSYCOPG_VERSION="2.4.5 (dt dec pq3 ext)" -DPG_VERSION_HEX=0x08040D -DPSYCOPG_EXTENSIONS=1 -DPSYCOPG_NEW_BOOLEAN=1 -DHAVE_PQFREEMEM=1 -I/usr/include/python2.6 -I. -I/usr/include -I/usr/include/pgsql/server -c psycopg/microprotocols_proto.c -o build/temp.linux-x86_64-2.6/psycopg/microprotocols_proto.o -Wdeclaration-after-statement
    gcc -pthread -fno-strict-aliasing -O2 -g -pipe -Wall -Wp,-D_FORTIFY_SOURCE=2 -fexceptions -fstack-protector --param=ssp-buffer-size=4 -m64 -mtune=generic -D_GNU_SOURCE -fPIC -fwrapv -DNDEBUG -O2 -g -pipe -Wall -Wp,-D_FORTIFY_SOURCE=2 -fexceptions -fstack-protector --param=ssp-buffer-size=4 -m64 -mtune=generic -D_GNU_SOURCE -fPIC -fwrapv -fPIC -DPSYCOPG_DEFAULT_PYDATETIME=1 -DPSYCOPG_VERSION="2.4.5 (dt dec pq3 ext)" -DPG_VERSION_HEX=0x08040D -DPSYCOPG_EXTENSIONS=1 -DPSYCOPG_NEW_BOOLEAN=1 -DHAVE_PQFREEMEM=1 -I/usr/include/python2.6 -I. -I/usr/include -I/usr/include/pgsql/server -c psycopg/typecast.c -o build/temp.linux-x86_64-2.6/psycopg/typecast.o -Wdeclaration-after-statement
    gcc -pthread -shared build/temp.linux-x86_64-2.6/psycopg/psycopgmodule.o build/temp.linux-x86_64-2.6/psycopg/green.o build/temp.linux-x86_64-2.6/psycopg/pqpath.o build/temp.linux-x86_64-2.6/psycopg/utils.o build/temp.linux-x86_64-2.6/psycopg/bytes_format.o build/temp.linux-x86_64-2.6/psycopg/connection_int.o build/temp.linux-x86_64-2.6/psycopg/connection_type.o build/temp.linux-x86_64-2.6/psycopg/cursor_int.o build/temp.linux-x86_64-2.6/psycopg/cursor_type.o build/temp.linux-x86_64-2.6/psycopg/lobject_int.o build/temp.linux-x86_64-2.6/psycopg/lobject_type.o build/temp.linux-x86_64-2.6/psycopg/notify_type.o build/temp.linux-x86_64-2.6/psycopg/xid_type.o build/temp.linux-x86_64-2.6/psycopg/adapter_asis.o build/temp.linux-x86_64-2.6/psycopg/adapter_binary.o build/temp.linux-x86_64-2.6/psycopg/adapter_datetime.o build/temp.linux-x86_64-2.6/psycopg/adapter_list.o build/temp.linux-x86_64-2.6/psycopg/adapter_pboolean.o build/temp.linux-x86_64-2.6/psycopg/adapter_pdecimal.o build/temp.linux-x86_64-2.6/psycopg/adapter_pint.o build/temp.linux-x86_64-2.6/psycopg/adapter_pfloat.o build/temp.linux-x86_64-2.6/psycopg/adapter_qstring.o build/temp.linux-x86_64-2.6/psycopg/microprotocols.o build/temp.linux-x86_64-2.6/psycopg/microprotocols_proto.o build/temp.linux-x86_64-2.6/psycopg/typecast.o -L/usr/lib64 -L/usr/lib64 -lpython2.6 -lpq -o build/lib.linux-x86_64-2.6/psycopg2/_psycopg.so
    no previously-included directories found matching 'doc/src/_build'
  Running setup.py install for webob
    no previously-included directories found matching '*.pyc'
    no previously-included directories found matching '*.pyo'
  Running setup.py install for Pylons
    warning: no previously-included files matching '*' found under directory 'tests/test_units/session'
    warning: no previously-included files matching '.DS_Store' found anywhere in distribution
    warning: no previously-included files matching '*.hgignore' found anywhere in distribution
    warning: no previously-included files matching '*.hgtags' found anywhere in distribution
  Running setup.py install for repoze.who
    Skipping installation of /home/ckan/pyenv/lib/python2.6/site-packages/repoze/__init__.py (namespace package)
    Skipping installation of /home/ckan/pyenv/lib/python2.6/site-packages/repoze/who/__init__.py (namespace package)
    Skipping installation of /home/ckan/pyenv/lib/python2.6/site-packages/repoze/who/plugins/__init__.py (namespace package)
    Installing /home/ckan/pyenv/lib/python2.6/site-packages/repoze.who-1.0.19-py2.6-nspkg.pth
  Running setup.py install for tempita
    /usr/lib64/python2.6/distutils/dist.py:266: UserWarning: Unknown distribution option: 'use_2to3'
      warnings.warn(msg)
  Running setup.py install for zope.interface
    building 'zope.interface._zope_interface_coptimizations' extension
    gcc -pthread -fno-strict-aliasing -O2 -g -pipe -Wall -Wp,-D_FORTIFY_SOURCE=2 -fexceptions -fstack-protector --param=ssp-buffer-size=4 -m64 -mtune=generic -D_GNU_SOURCE -fPIC -fwrapv -DNDEBUG -O2 -g -pipe -Wall -Wp,-D_FORTIFY_SOURCE=2 -fexceptions -fstack-protector --param=ssp-buffer-size=4 -m64 -mtune=generic -D_GNU_SOURCE -fPIC -fwrapv -fPIC -I/usr/include/python2.6 -c src/zope/interface/_zope_interface_coptimizations.c -o build/temp.linux-x86_64-2.6/src/zope/interface/_zope_interface_coptimizations.o
    gcc -pthread -shared build/temp.linux-x86_64-2.6/src/zope/interface/_zope_interface_coptimizations.o -L/usr/lib64 -lpython2.6 -o build/lib.linux-x86_64-2.6/zope/interface/_zope_interface_coptimizations.so
    Skipping installation of /home/ckan/pyenv/lib64/python2.6/site-packages/zope/__init__.py (namespace package)
    Installing /home/ckan/pyenv/lib64/python2.6/site-packages/zope.interface-4.0.1-py2.6-nspkg.pth
  Running setup.py install for repoze.who.plugins.openid
    /usr/lib64/python2.6/distutils/dist.py:266: UserWarning: Unknown distribution option: 'test_requires'
      warnings.warn(msg)
    Skipping installation of /home/ckan/pyenv/lib/python2.6/site-packages/repoze/__init__.py (namespace package)
    Skipping installation of /home/ckan/pyenv/lib/python2.6/site-packages/repoze/who/__init__.py (namespace package)
    Skipping installation of /home/ckan/pyenv/lib/python2.6/site-packages/repoze/who/plugins/__init__.py (namespace package)
    Installing /home/ckan/pyenv/lib/python2.6/site-packages/repoze.who.plugins.openid-0.5.3-py2.6-nspkg.pth
  Running setup.py install for repoze.who-friendlyform
    no previously-included directories found matching 'docs/build'
    warning: no previously-included files matching '*' found under directory 'tests'
    warning: no previously-included files matching '*~' found anywhere in distribution
    warning: no previously-included files matching '*.egg' found anywhere in distribution
    warning: no previously-included files matching '.directory' found anywhere in distribution
    Skipping installation of /home/ckan/pyenv/lib/python2.6/site-packages/repoze/__init__.py (namespace package)
    Skipping installation of /home/ckan/pyenv/lib/python2.6/site-packages/repoze/who/__init__.py (namespace package)
    Skipping installation of /home/ckan/pyenv/lib/python2.6/site-packages/repoze/who/plugins/__init__.py (namespace package)
    Installing /home/ckan/pyenv/lib/python2.6/site-packages/repoze.who_friendlyform-1.0.8-py2.6-nspkg.pth
  Running setup.py install for routes
    warning: no previously-included files matching '.DS_Store' found anywhere in distribution
    warning: no previously-included files matching '*.hgignore' found anywhere in distribution
    warning: no previously-included files matching '*.hgtags' found anywhere in distribution
  Running setup.py install for paste
    Skipping installation of /home/ckan/pyenv/lib/python2.6/site-packages/paste/__init__.py (namespace package)
    warning: no previously-included files matching '*' found under directory 'docs/_build/_sources'
    Installing /home/ckan/pyenv/lib/python2.6/site-packages/Paste-1.7.5.1-py2.6-nspkg.pth
  Running setup.py install for Jinja2
    warning: no previously-included files matching '*' found under directory 'docs/_build'
    warning: no previously-included files matching '*.pyc' found under directory 'jinja2'
    warning: no previously-included files matching '*.pyc' found under directory 'docs'
    warning: no previously-included files matching '*.pyo' found under directory 'jinja2'
    warning: no previously-included files matching '*.pyo' found under directory 'docs'
  Running setup.py install for fanstatic
    warning: no previously-included files found matching '.installed.cfg'
    warning: no files found matching '*.txt' under directory 'doc'
  Running setup.py install for requests
    warning: no files found matching 'tests/*.'
  Running setup.py install for decorator
    /usr/lib64/python2.6/distutils/dist.py:266: UserWarning: Unknown distribution option: 'use_2to3'
      warnings.warn(msg)
    warning: no previously-included files found matching 'Makefile'
  Running setup.py install for argparse
    warning: no previously-included files matching '*.pyc' found anywhere in distribution
    warning: no previously-included files matching '*.pyo' found anywhere in distribution
    warning: no previously-included files matching '*.orig' found anywhere in distribution
    warning: no previously-included files matching '*.rej' found anywhere in distribution
    no previously-included directories found matching 'doc/_build'
    no previously-included directories found matching 'env24'
    no previously-included directories found matching 'env25'
    no previously-included directories found matching 'env26'
    no previously-included directories found matching 'env27'
  Running setup.py install for Beaker
  Running setup.py install for PasteDeploy
    Skipping installation of /home/ckan/pyenv/lib/python2.6/site-packages/paste/__init__.py (namespace package)
    Installing /home/ckan/pyenv/lib/python2.6/site-packages/PasteDeploy-1.5.0-py2.6-nspkg.pth
  Running setup.py install for PasteScript
    Skipping installation of /home/ckan/pyenv/lib/python2.6/site-packages/paste/__init__.py (namespace package)
    warning: no previously-included files matching '*' found under directory 'docs/_build/_sources'
    warning: no files found matching '*.js' under directory 'paste'
    warning: no files found matching '*.jpg' under directory 'paste'
    Installing /home/ckan/pyenv/lib/python2.6/site-packages/PasteScript-1.7.5-py2.6-nspkg.pth
    Installing paster script to /home/ckan/pyenv/bin
  Running setup.py install for FormEncode
    warning: no files found matching '*.py' under directory '.'
    no previously-included directories found matching '**/.svn'
  Running setup.py install for simplejson
    building 'simplejson._speedups' extension
    gcc -pthread -fno-strict-aliasing -O2 -g -pipe -Wall -Wp,-D_FORTIFY_SOURCE=2 -fexceptions -fstack-protector --param=ssp-buffer-size=4 -m64 -mtune=generic -D_GNU_SOURCE -fPIC -fwrapv -DNDEBUG -O2 -g -pipe -Wall -Wp,-D_FORTIFY_SOURCE=2 -fexceptions -fstack-protector --param=ssp-buffer-size=4 -m64 -mtune=generic -D_GNU_SOURCE -fPIC -fwrapv -fPIC -I/usr/include/python2.6 -c simplejson/_speedups.c -o build/temp.linux-x86_64-2.6/simplejson/_speedups.o
    simplejson/_speedups.c: In function encoder_listencode_obj:
    simplejson/_speedups.c:2269: warning: comparison of distinct pointer types lacks a cast
    simplejson/_speedups.c:2269: warning: passing argument 2 of PyType_IsSubtype from incompatible pointer type
    /usr/include/python2.6/object.h:435: note: expected struct PyTypeObject * but argument is of type struct PyObject *
    gcc -pthread -shared build/temp.linux-x86_64-2.6/simplejson/_speedups.o -L/usr/lib64 -lpython2.6 -o build/lib.linux-x86_64-2.6/simplejson/_speedups.so
  Running setup.py install for nose
    no previously-included directories found matching 'doc/.build'
    Installing nosetests-2.6 script to /home/ckan/pyenv/bin
    Installing nosetests script to /home/ckan/pyenv/bin
  Running setup.py install for Mako
    changing mode of build/scripts-2.6/mako-render from 644 to 755
    warning: no files found matching '*.xml' under directory 'examples'
    warning: no files found matching '*.mako' under directory 'examples'
    warning: no files found matching 'ez_setup.py'
    no previously-included directories found matching 'doc/build/output'
    changing mode of /home/ckan/pyenv/bin/mako-render to 755
  Running setup.py install for WebError
    paster_plugins not set in setup(), but WebError.egg-info/paster_plugins.txt exists
  Running setup.py install for WebTest
    no previously-included directories found matching 'docs/_build'
    warning: no previously-included files matching '*.pyc' found anywhere in distribution
    warning: no previously-included files matching '__pycache__' found anywhere in distribution
  Running setup.py install for python-openid
    warning: no files found matching 'CHANGELOG'
    warning: no files found matching '*.css' under directory 'doc'
    warning: no files found matching '*.html' under directory 'doc'
  Running setup.py install for repoze.lru
    Skipping installation of /home/ckan/pyenv/lib/python2.6/site-packages/repoze/__init__.py (namespace package)
    Installing /home/ckan/pyenv/lib/python2.6/site-packages/repoze.lru-0.6-py2.6-nspkg.pth
  Running setup.py install for Pygments
    Installing pygmentize script to /home/ckan/pyenv/bin
Successfully installed Genshi sqlalchemy-migrate sqlalchemy webhelpers pyutilib.component.core vdm solrpy formalchemy pairtree ofs apachemiddleware markupsafe babel psycopg2 webob Pylons repoze.who tempita zope.interface repoze.who.plugins.openid repoze.who-friendlyform routes paste Jinja2 fanstatic requests decorator argparse Beaker PasteDeploy PasteScript FormEncode simplejson nose Mako WebError WebTest python-openid repoze.lru Pygments
Cleaning up...
+ '[' -f /tmp/kata-SKIP16 ']'
+ packagedir=/usr/share/kata-ckan-dev
+ pushd /etc/shibboleth
+ patch -b -p2 -i /usr/share/kata-ckan-dev/setup-patches/shibboleth2.xml.patch
patching file shibboleth2.xml
+ patch -b -p2 -i /usr/share/kata-ckan-dev/setup-patches/attribute-map.xml.patch
patching file attribute-map.xml
+ patch -b -p2 -i /usr/share/kata-ckan-dev/setup-patches/attribute-policy.xml.patch
+ popd
+ cp /etc/httpd/conf.d/shib.conf /etc/httpd/conf.d/shib.conf.bak
+ pushd /etc/httpd/conf.d
+ patch -b -p2 -i /usr/share/kata-ckan-dev/setup-patches/shib.conf.patch
patching file shib.conf
Hunk #2 succeeded at 13 with fuzz 1.
+ popd
+ /usr/bin/python /usr/share/mcfg/tool/mcfg.py run /usr/share/mcfg/config/kata-template.ini /root/kata-master.ini 16
+ chown shibd:shibd /etc/shibboleth/spkey.pem
+ chmod og= /etc/shibboleth/spkey.pem
+ mv /etc/shibboleth/sp-key.pem /etc/shibboleth/sp-key.pem.notused
+ mv /etc/shibboleth/sp-cert.pem /etc/shibboleth/sp-cert.pem.notused
+ '[' -f /tmp/kata-SKIP22 ']'
+ instloc=/home/ckan
+ cp /opt/solr/conf/schema.xml /opt/solr/conf/schema.xml.bak
+ cp /home/ckan/pyenv/src/ckan/ckan/config/solr/schema-2.0.xml /opt/solr/conf/schema.xml
+ service tomcat6 restart
Stopping tomcat6: [  OK  ]
Starting tomcat6: [  OK  ]
+ chkconfig tomcat6 on
+ '[' -f /tmp/kata-SKIP24 ']'
+ packagedir=/usr/share/kata-ckan-dev
+ pushd /etc/httpd/conf.d/
+ patch -b -p2 -i /usr/share/kata-ckan-dev/setup-patches/ssl.conf.patch
patching file ssl.conf
+ /usr/bin/python /usr/share/mcfg/tool/mcfg.py run /usr/share/mcfg/config/kata-template.ini /root/kata-master.ini 24
+ popd
+ '[' -f /tmp/kata-SKIP20 ']'
+ patchdir=/usr/share/kata-ckan-dev/setup-patches
+ pushd /var/lib/pgsql/data
++ ls
++ wc -l
+ datafiles=0
+ '[' 0 -ne 0 ']'
+ rm -f /tmp/kata-SKIP-dbinit
+ service postgresql initdb
Initializing database: [  OK  ]
+ su -c 'patch -b -p2 -i /usr/share/kata-ckan-dev/setup-patches/pg_hba.conf.patch' postgres
patching file pg_hba.conf
+ popd
+ service postgresql start
Starting postgresql service: [  OK  ]
+ chkconfig postgresql on
+ cmd='CREATE ROLE ckanuser PASSWORD '\''md5372712b8c6097730c3164ddd4f9275e0'\'' NOSUPERUSER NOCREATEDB NOCREATEROLE INHERIT LOGIN'
+ sleep 3
+ su -c 'psql -c "CREATE ROLE ckanuser PASSWORD '\''md5372712b8c6097730c3164ddd4f9275e0'\'' NOSUPERUSER NOCREATEDB NOCREATEROLE INHERIT LOGIN"' postgres
CREATE ROLE
+ su -c 'createdb -O ckanuser ckandb' postgres
+ '[' -f /tmp/kata-SKIP28 ']'
+ instloc=/home/ckan
+ cd /home/ckan
+ source pyenv/bin/activate
++ deactivate nondestructive
++ unset pydoc
++ '[' -n '' ']'
++ '[' -n '' ']'
++ '[' -n /bin/sh -o -n '' ']'
++ hash -r
++ '[' -n '' ']'
++ unset VIRTUAL_ENV
++ '[' '!' nondestructive = nondestructive ']'
++ VIRTUAL_ENV=/home/ckan/pyenv
++ export VIRTUAL_ENV
++ _OLD_VIRTUAL_PATH=/sbin:/bin:/usr/sbin:/usr/bin:/usr/X11R6/bin
++ PATH=/home/ckan/pyenv/bin:/sbin:/bin:/usr/sbin:/usr/bin:/usr/X11R6/bin
++ export PATH
++ '[' -n '' ']'
++ '[' -z '' ']'
++ _OLD_VIRTUAL_PS1=
++ '[' x '!=' x ']'
+++ basename /home/ckan/pyenv
++ '[' pyenv = __ ']'
+++ basename /home/ckan/pyenv
++ PS1='(pyenv)'
++ export PS1
++ alias 'pydoc=python -m pydoc'
++ '[' -n /bin/sh -o -n '' ']'
++ hash -r
+ cd pyenv/src/ckan
+ paster make-config ckan development.ini
Distribution already installed:
  ckan 2.0a from /home/ckan/pyenv/src/ckan
Creating development.ini
Now you should edit the config files
  development.ini
+ patch -b -p2 -i /usr/share/kata-ckan-dev/setup-patches/development.ini.patch
patching file development.ini
Hunk #11 succeeded at 266 (offset 6 lines).
Hunk #12 succeeded at 314 (offset 6 lines).
++ dirname /usr/share/kata-ckan-dev/setup-scripts/28setupckan.sh
+ myipcmd=/usr/share/kata-ckan-dev/setup-scripts/myip.sh
++ /usr/share/kata-ckan-dev/setup-scripts/myip.sh
+ myip=192.168.122.25
+ ckanusermail=root@localhost
+ sed -e s/%%myip%%/192.168.122.25/ -e s/%%ckanusermail%%/root@localhost/ development.ini
+ mv development.ini.1 development.ini
+ '[' '!' -e /tmp/kata-SKIP-dbinit ']'
+ paster --plugin=ckan db init
/home/ckan/pyenv/lib/python2.6/site-packages/sqlalchemy/engine/reflection.py:47: SAWarning: Skipped unsupported reflection of expression-based index idx_pkg_lname
  ret = fn(self, con, *args, **kw)
/home/ckan/pyenv/lib/python2.6/site-packages/sqlalchemy/engine/reflection.py:47: SAWarning: Skipped unsupported reflection of expression-based index idx_pkg_slname
  ret = fn(self, con, *args, **kw)
/home/ckan/pyenv/lib/python2.6/site-packages/sqlalchemy/engine/reflection.py:47: SAWarning: Skipped unsupported reflection of expression-based index idx_pkg_suname
  ret = fn(self, con, *args, **kw)
/home/ckan/pyenv/lib/python2.6/site-packages/sqlalchemy/engine/reflection.py:47: SAWarning: Skipped unsupported reflection of expression-based index idx_pkg_uname
  ret = fn(self, con, *args, **kw)
/home/ckan/pyenv/lib/python2.6/site-packages/sqlalchemy/engine/reflection.py:47: SAWarning: Skipped unsupported reflection of expression-based index idx_user_name_index
  ret = fn(self, con, *args, **kw)
2012-12-11 15:07:33,179 INFO  [ckan.model] CKAN database version upgraded: 0 -> 62
2012-12-11 15:07:33,326 INFO  [ckan.model] Database initialised
Initialising DB: SUCCESS
+ mkdir data sstore data_tree
+ '[' -f /tmp/kata-SKIP32 ']'
+ patchdir=/usr/share/kata-ckan-dev/setup-patches
+ service httpd stop
Stopping httpd: [FAILED]
+ pushd /etc/httpd/conf
+ patch -b -p2 -i /usr/share/kata-ckan-dev/setup-patches/httpd.conf.patch
patching file httpd.conf
+ mv httpd.conf httpd.conf.step1
++ dirname /usr/share/kata-ckan-dev/setup-scripts/32setupapache.sh
+ myipcmd=/usr/share/kata-ckan-dev/setup-scripts/myip.sh
++ /usr/share/kata-ckan-dev/setup-scripts/myip.sh
+ myip=192.168.122.25
+ sed -e s/%%MYIP%%/192.168.122.25/ httpd.conf.step1
+ /usr/bin/python /usr/share/mcfg/tool/mcfg.py run /usr/share/mcfg/config/kata-template.ini /root/kata-master.ini 32
+ popd
+ chkconfig httpd on
+ chown -R ckan:apache /home/ckan/pyenv
+ chmod -R 755 /home/ckan
+ setsebool -P httpd_can_network_connect 1
+ chcon -R --type=httpd_sys_content_t /home/ckan
+ touch /home/ckan/pyenv/ckan.log
+ chown ckan:apache /home/ckan/pyenv/ckan.log
+ chmod g+w /home/ckan/pyenv/ckan.log
+ chmod -R g+w /home/ckan/pyenv/src/ckan/data /home/ckan/pyenv/src/ckan/sstore
++ echo /usr/lib64/python2.6 /usr/lib/python2.6
+ for dir in '$(echo /usr/lib*/python2.6)'
+ sed -i.orig 's/CFUNCTYPE(c_int)(lambda: None)/#CFUNCTYPE(c_int)(lambda: None)/' /usr/lib64/python2.6/ctypes/__init__.py
+ for dir in '$(echo /usr/lib*/python2.6)'
+ sed -i.orig 's/CFUNCTYPE(c_int)(lambda: None)/#CFUNCTYPE(c_int)(lambda: None)/' /usr/lib/python2.6/ctypes/__init__.py
sed: can't read /usr/lib/python2.6/ctypes/__init__.py: No such file or directory
+ '[' -f /tmp/kata-SKIP36 ']'
+ instloc=/home/ckan
+ cd /home/ckan/pyenv
+ source ./bin/activate
++ deactivate nondestructive
++ unset pydoc
++ '[' -n '' ']'
++ '[' -n '' ']'
++ '[' -n /bin/sh -o -n '' ']'
++ hash -r
++ '[' -n '' ']'
++ unset VIRTUAL_ENV
++ '[' '!' nondestructive = nondestructive ']'
++ VIRTUAL_ENV=/home/ckan/pyenv
++ export VIRTUAL_ENV
++ _OLD_VIRTUAL_PATH=/sbin:/bin:/usr/sbin:/usr/bin:/usr/X11R6/bin
++ PATH=/home/ckan/pyenv/bin:/sbin:/bin:/usr/sbin:/usr/bin:/usr/X11R6/bin
++ export PATH
++ '[' -n '' ']'
++ '[' -z '' ']'
++ _OLD_VIRTUAL_PS1=
++ '[' x '!=' x ']'
+++ basename /home/ckan/pyenv
++ '[' pyenv = __ ']'
+++ basename /home/ckan/pyenv
++ PS1='(pyenv)'
++ export PS1
++ alias 'pydoc=python -m pydoc'
++ '[' -n /bin/sh -o -n '' ']'
++ hash -r
+ cd src/ckan
+ '[' -r /etc/kata-ckan-dev/versions ']'
+ ext_harvest_version=
+ ext_urn_version=
+ ext_oaipmh_version=
+ ext_ddi_version=
+ ext_sitemap_version=
+ ext_shibboleth_version=
+ ext_kata_version=
+ pip install -e git+https://github.com/okfn/ckanext-harvest.git#egg=ckanext-harvest
Obtaining ckanext-harvest from git+https://github.com/okfn/ckanext-harvest.git#egg=ckanext-harvest
  Cloning https://github.com/okfn/ckanext-harvest.git to /home/ckan/pyenv/src/ckanext-harvest
  Running setup.py egg_info for package ckanext-harvest
Installing collected packages: ckanext-harvest
  Running setup.py develop for ckanext-harvest
    Creating /home/ckan/pyenv/lib/python2.6/site-packages/ckanext-harvest.egg-link (link to .)
    Adding ckanext-harvest 0.2 to easy-install.pth file
    
    Installed /home/ckan/pyenv/src/ckanext-harvest
Successfully installed ckanext-harvest
Cleaning up...
+ pip install carrot
Downloading/unpacking carrot
  Running setup.py egg_info for package carrot
Downloading/unpacking anyjson (from carrot)
  Downloading anyjson-0.3.3.tar.gz
  Running setup.py egg_info for package anyjson
Downloading/unpacking amqplib>=0.6 (from carrot)
  Running setup.py egg_info for package amqplib
Installing collected packages: carrot, anyjson, amqplib
  Running setup.py install for carrot
  Running setup.py install for anyjson
  Running setup.py install for amqplib
Successfully installed carrot anyjson amqplib
Cleaning up...
+ paster --plugin=ckanext-harvest harvester initdb --config=development.ini
2012-12-11 15:08:41,585 DEBUG [ckanext.harvest.model] Harvest tables defined in memory
2012-12-11 15:08:42,312 DEBUG [ckanext.harvest.model] Harvest tables created

DB tables created
+ paster --plugin=ckan user add harvester password=harvester --config=development.ini
Creating user: 'harvester'
<User id=bc8760af-853a-49fc-b5f6-9b6b5e726c3b name=harvester openid=None password=a89093d2c59da6d240dbeddda44a949f098003c755237e9429c80a2df3fac4c3d1d46f9184cb09ff fullname=None email=None apikey=7b34a614-2729-4df2-b0d5-b5192a142eed created=2012-12-11 15:08:45.020226 reset_key=None about=None>
+ paster --plugin=ckan sysadmin add harvester --config=development.ini
Added harvester as sysadmin
+ pip install -e git+https://github.com/kata-csc/ckanext-urn.git#egg=ckanext-urn
Obtaining ckanext-urn from git+https://github.com/kata-csc/ckanext-urn.git#egg=ckanext-urn
  Cloning https://github.com/kata-csc/ckanext-urn.git to /home/ckan/pyenv/src/ckanext-urn
  Running setup.py egg_info for package ckanext-urn
    warning: no previously-included files matching '*.pyc' found anywhere in distribution
    
    Installed /home/ckan/pyenv/src/ckanext-urn/coverage-3.6b1-py2.6-linux-x86_64.egg
Installing collected packages: ckanext-urn
  Running setup.py develop for ckanext-urn
    Creating /home/ckan/pyenv/lib/python2.6/site-packages/ckanext-urn.egg-link (link to .)
    Adding ckanext-urn 0.1 to easy-install.pth file
    
    Installed /home/ckan/pyenv/src/ckanext-urn
Successfully installed ckanext-urn
Cleaning up...
+ pip install -e git+https://github.com/kata-csc/ckanext-oaipmh.git#egg=ckanext-oaipmh
Obtaining ckanext-oaipmh from git+https://github.com/kata-csc/ckanext-oaipmh.git#egg=ckanext-oaipmh
  Cloning https://github.com/kata-csc/ckanext-oaipmh.git to /home/ckan/pyenv/src/ckanext-oaipmh
  Running setup.py egg_info for package ckanext-oaipmh
Downloading/unpacking pyoai (from ckanext-oaipmh)
  Running setup.py egg_info for package pyoai
Requirement already satisfied (use --upgrade to upgrade): ckanext-harvest in /home/ckan/pyenv/src/ckanext-harvest (from ckanext-oaipmh)
Downloading/unpacking lxml (from pyoai->ckanext-oaipmh)
  Running setup.py egg_info for package lxml
    Building lxml version 3.0.1.
    Building without Cython.
    Using build configuration of libxslt 1.1.26
    Building against libxml2/libxslt in the following directory: /usr/lib64
    warning: no previously-included files found matching '*.py'
    warning: no files found matching '*.txt' under directory 'src/lxml/tests'
Installing collected packages: ckanext-oaipmh, pyoai, lxml
  Running setup.py develop for ckanext-oaipmh
    Creating /home/ckan/pyenv/lib/python2.6/site-packages/ckanext-oaipmh.egg-link (link to .)
    Adding ckanext-oaipmh 0.1 to easy-install.pth file
    
    Installed /home/ckan/pyenv/src/ckanext-oaipmh
  Running setup.py install for pyoai
  Running setup.py install for lxml
    Building lxml version 3.0.1.
    Building without Cython.
    Using build configuration of libxslt 1.1.26
    Building against libxml2/libxslt in the following directory: /usr/lib64
    building 'lxml.etree' extension
    gcc -pthread -fno-strict-aliasing -O2 -g -pipe -Wall -Wp,-D_FORTIFY_SOURCE=2 -fexceptions -fstack-protector --param=ssp-buffer-size=4 -m64 -mtune=generic -D_GNU_SOURCE -fPIC -fwrapv -DNDEBUG -O2 -g -pipe -Wall -Wp,-D_FORTIFY_SOURCE=2 -fexceptions -fstack-protector --param=ssp-buffer-size=4 -m64 -mtune=generic -D_GNU_SOURCE -fPIC -fwrapv -fPIC -I/usr/include/libxml2 -I/home/ckan/pyenv/build/lxml/src/lxml/includes -I/usr/include/python2.6 -c src/lxml/lxml.etree.c -o build/temp.linux-x86_64-2.6/src/lxml/lxml.etree.o
    src/lxml/lxml.etree.c: In function __pyx_pf_4lxml_5etree_4XSLT_18__call__:
    src/lxml/lxml.etree.c:132608: warning: passing argument 1 of __pyx_f_4lxml_5etree_12_XSLTContext__copy from incompatible pointer type
    src/lxml/lxml.etree.c:130569: note: expected struct __pyx_obj_4lxml_5etree__XSLTContext * but argument is of type struct __pyx_obj_4lxml_5etree__BaseContext *
    src/lxml/lxml.etree.c: In function __pyx_f_4lxml_5etree__copyXSLT:
    src/lxml/lxml.etree.c:133997: warning: passing argument 1 of __pyx_f_4lxml_5etree_12_XSLTContext__copy from incompatible pointer type
    src/lxml/lxml.etree.c:130569: note: expected struct __pyx_obj_4lxml_5etree__XSLTContext * but argument is of type struct __pyx_obj_4lxml_5etree__BaseContext *
    src/lxml/lxml.etree.c: At top level:
    src/lxml/lxml.etree.c:12128: warning: __pyx_f_4lxml_5etree_displayNode defined but not used
    src/lxml/lxml.etree.c: In function __pyx_f_4lxml_5etree_11_BaseParser__parseDocFromFilelike:
    src/lxml/lxml.etree.c:86731: warning: __pyx_r may be used uninitialized in this function
    src/lxml/lxml.etree.c: In function __pyx_f_4lxml_5etree_11_BaseParser__parseDocFromFile:
    src/lxml/lxml.etree.c:86420: warning: __pyx_r may be used uninitialized in this function
    src/lxml/lxml.etree.c: In function __pyx_f_4lxml_5etree_11_BaseParser__parseDoc:
    src/lxml/lxml.etree.c:86109: warning: __pyx_r may be used uninitialized in this function
    src/lxml/lxml.etree.c: In function __pyx_f_4lxml_5etree_11_BaseParser__parseUnicodeDoc:
    src/lxml/lxml.etree.c:85780: warning: __pyx_r may be used uninitialized in this function
    gcc -pthread -shared build/temp.linux-x86_64-2.6/src/lxml/lxml.etree.o -L/usr/lib64 -L/usr/lib64 -lxslt -lexslt -lxml2 -lz -lm -lpython2.6 -o build/lib.linux-x86_64-2.6/lxml/etree.so
    building 'lxml.objectify' extension
    gcc -pthread -fno-strict-aliasing -O2 -g -pipe -Wall -Wp,-D_FORTIFY_SOURCE=2 -fexceptions -fstack-protector --param=ssp-buffer-size=4 -m64 -mtune=generic -D_GNU_SOURCE -fPIC -fwrapv -DNDEBUG -O2 -g -pipe -Wall -Wp,-D_FORTIFY_SOURCE=2 -fexceptions -fstack-protector --param=ssp-buffer-size=4 -m64 -mtune=generic -D_GNU_SOURCE -fPIC -fwrapv -fPIC -I/usr/include/libxml2 -I/home/ckan/pyenv/build/lxml/src/lxml/includes -I/usr/include/python2.6 -c src/lxml/lxml.objectify.c -o build/temp.linux-x86_64-2.6/src/lxml/lxml.objectify.o
    gcc -pthread -shared build/temp.linux-x86_64-2.6/src/lxml/lxml.objectify.o -L/usr/lib64 -L/usr/lib64 -lxslt -lexslt -lxml2 -lz -lm -lpython2.6 -o build/lib.linux-x86_64-2.6/lxml/objectify.so
    warning: no files found matching '*.txt' under directory 'src/lxml/tests'
Successfully installed ckanext-oaipmh pyoai lxml
Cleaning up...
+ pip install -e git+https://github.com/kata-csc/ckanext-ddi.git#egg=ckanext-ddi
Obtaining ckanext-ddi from git+https://github.com/kata-csc/ckanext-ddi.git#egg=ckanext-ddi
  Cloning https://github.com/kata-csc/ckanext-ddi.git to /home/ckan/pyenv/src/ckanext-ddi
  Running setup.py egg_info for package ckanext-ddi
Downloading/unpacking beautifulsoup4 (from ckanext-ddi)
  Running setup.py egg_info for package beautifulsoup4
Downloading/unpacking ckanclient (from ckanext-ddi)
  Downloading ckanclient-0.10.tar.gz
  Running setup.py egg_info for package ckanclient
    /usr/lib64/python2.6/distutils/dist.py:266: UserWarning: Unknown distribution option: 'always_unzip'
      warnings.warn(msg)
Downloading/unpacking unicodecsv (from ckanext-ddi)
  Downloading unicodecsv-0.9.0.tar.gz
  Running setup.py egg_info for package unicodecsv
Downloading/unpacking python-dateutil (from ckanext-ddi)
  Running setup.py egg_info for package python-dateutil
Downloading/unpacking six (from python-dateutil->ckanext-ddi)
  Downloading six-1.2.0.tar.gz
  Running setup.py egg_info for package six
Installing collected packages: ckanext-ddi, beautifulsoup4, ckanclient, unicodecsv, python-dateutil, six
  Running setup.py develop for ckanext-ddi
    Creating /home/ckan/pyenv/lib/python2.6/site-packages/ckanext-ddi.egg-link (link to .)
    Adding ckanext-ddi 0.1 to easy-install.pth file
    
    Installed /home/ckan/pyenv/src/ckanext-ddi
  Running setup.py install for beautifulsoup4
  Running setup.py install for ckanclient
    /usr/lib64/python2.6/distutils/dist.py:266: UserWarning: Unknown distribution option: 'always_unzip'
      warnings.warn(msg)
  Running setup.py install for unicodecsv
  Running setup.py install for python-dateutil
  Running setup.py install for six
Successfully installed ckanext-ddi beautifulsoup4 ckanclient unicodecsv python-dateutil six
Cleaning up...
+ pip install -e git+https://github.com/kata-csc/ckanext-sitemap.git#egg=ckanext-sitemap
Obtaining ckanext-sitemap from git+https://github.com/kata-csc/ckanext-sitemap.git#egg=ckanext-sitemap
  Cloning https://github.com/kata-csc/ckanext-sitemap.git to /home/ckan/pyenv/src/ckanext-sitemap
  Running setup.py egg_info for package ckanext-sitemap
Installing collected packages: ckanext-sitemap
  Running setup.py develop for ckanext-sitemap
    Creating /home/ckan/pyenv/lib/python2.6/site-packages/ckanext-sitemap.egg-link (link to .)
    Adding ckanext-sitemap 0.1 to easy-install.pth file
    
    Installed /home/ckan/pyenv/src/ckanext-sitemap
Successfully installed ckanext-sitemap
Cleaning up...
+ pip install -e git+git://github.com/kata-csc/ckanext-shibboleth.git#egg=ckanext-shibboleth
Obtaining ckanext-shibboleth from git+git://github.com/kata-csc/ckanext-shibboleth.git#egg=ckanext-shibboleth
  Cloning git://github.com/kata-csc/ckanext-shibboleth.git to /home/ckan/pyenv/src/ckanext-shibboleth
  Running setup.py egg_info for package ckanext-shibboleth
Installing collected packages: ckanext-shibboleth
  Running setup.py develop for ckanext-shibboleth
    Creating /home/ckan/pyenv/lib/python2.6/site-packages/ckanext-repoze-who-shibboleth.egg-link (link to .)
    Adding ckanext-repoze-who-shibboleth 0.2 to easy-install.pth file
    
    Installed /home/ckan/pyenv/src/ckanext-shibboleth
Successfully installed ckanext-shibboleth
Cleaning up...
+ patch -b -p2 -i /usr/share/kata-ckan-dev/setup-patches/who.ini.patch
patching file who.ini
+ pip install -e git+git://github.com/kata-csc/ckanext-kata.git#egg=ckanext-kata
Obtaining ckanext-kata from git+git://github.com/kata-csc/ckanext-kata.git#egg=ckanext-kata
  Cloning git://github.com/kata-csc/ckanext-kata.git to /home/ckan/pyenv/src/ckanext-kata
  Running setup.py egg_info for package ckanext-kata
Downloading/unpacking rdflib (from ckanext-kata)
  Running setup.py egg_info for package rdflib
Downloading/unpacking iso8601 (from ckanext-kata)
  Downloading iso8601-0.1.4.tar.gz
  Running setup.py egg_info for package iso8601
Downloading/unpacking isodate (from rdflib->ckanext-kata)
  Downloading isodate-0.4.9.tar.gz
  Running setup.py egg_info for package isodate
Installing collected packages: ckanext-kata, rdflib, iso8601, isodate
  Running setup.py develop for ckanext-kata
    Creating /home/ckan/pyenv/lib/python2.6/site-packages/ckanext-kata.egg-link (link to .)
    Adding ckanext-kata 0.1 to easy-install.pth file
    
    Installed /home/ckan/pyenv/src/ckanext-kata
  Running setup.py install for rdflib
  Running setup.py install for iso8601
  Running setup.py install for isodate
Successfully installed ckanext-kata rdflib iso8601 isodate
Cleaning up...
+ extensions='shibboleth harvest oaipmh_harvester synchronous_search oaipmh ddi_harvester sitemap kata kata_metadata'
+ cp development.ini development.ini.backup.preext
+ sed -i '/^ckan.plugins/s|$| shibboleth harvest oaipmh_harvester synchronous_search oaipmh ddi_harvester sitemap kata kata_metadata|' development.ini
+ '[' -f /tmp/kata-SKIP61 ']'
+ instloc=/home/ckan
+ service rabbitmq-server start
Starting rabbitmq-server: SUCCESS
rabbitmq-server.
+ chkconfig rabbitmq-server on
+ '[' '!' -e /tmp/kata-SKIP-dbinit ']'
+ /home/ckan/pyenv/bin/paster --plugin=ckanext-harvest harvester source http://www.fsd.uta.fi/fi/aineistot/luettelo/fsd-ddi-records-uris-fi.txt DDI --config=/home/ckan/pyenv/src/ckan/development.ini
2012-12-11 15:12:27,684 DEBUG [ckanext.kata] disable search
2012-12-11 15:12:27,825 DEBUG [ckanext.harvest.model] Harvest tables defined in memory
2012-12-11 15:12:27,830 DEBUG [ckanext.harvest.model] Harvest tables already exist
2012-12-11 15:12:27,892 DEBUG [ckanext.harvest.plugin] Using auth profile at ckanext.harvest.logic.auth
2012-12-11 15:12:27,922 INFO  [ckanext.harvest.logic.action.create] Creating harvest source: {'user_id': u'', 'url': u'http://www.fsd.uta.fi/fi/aineistot/luettelo/fsd-ddi-records-uris-fi.txt', 'publisher_id': u'', 'type': u'DDI', 'active': True, 'config': None}
2012-12-11 15:12:27,958 INFO  [ckanext.harvest.logic.action.create] Harvest source created: 775804cd-e752-4fe4-b08b-36fc2375c86e
2012-12-11 15:12:28,002 INFO  [ckanext.harvest.logic.action.create] Harvest job create: {'source_id': u'775804cd-e752-4fe4-b08b-36fc2375c86e'}
2012-12-11 15:12:28,049 INFO  [ckanext.harvest.logic.action.create] Harvest job saved 76d72b1c-d547-4f34-98ac-338719e6ceee

Created new harvest source:
Source id: 775804cd-e752-4fe4-b08b-36fc2375c86e
      url: http://www.fsd.uta.fi/fi/aineistot/luettelo/fsd-ddi-records-uris-fi.txt
     type: DDI
   active: True
     user: 
publisher: 
     jobs: 0

There is 1 harvest source
A new Harvest Job for this source has also been created
+ /home/ckan/pyenv/bin/paster --plugin=ckanext-harvest harvester source http://helda.helsinki.fi/oai/request OAI-PMH --config=/home/ckan/pyenv/src/ckan/development.ini
2012-12-11 15:12:29,850 DEBUG [ckanext.kata] disable search
2012-12-11 15:12:30,093 DEBUG [ckanext.harvest.model] Harvest tables defined in memory
2012-12-11 15:12:30,099 DEBUG [ckanext.harvest.model] Harvest tables already exist
2012-12-11 15:12:30,152 DEBUG [ckanext.harvest.plugin] Using auth profile at ckanext.harvest.logic.auth
2012-12-11 15:12:30,189 INFO  [ckanext.harvest.logic.action.create] Creating harvest source: {'user_id': u'', 'url': u'http://helda.helsinki.fi/oai/request', 'publisher_id': u'', 'type': u'OAI-PMH', 'active': True, 'config': None}
2012-12-11 15:12:30,235 INFO  [ckanext.harvest.logic.action.create] Harvest source created: 385a4ba4-f3f4-41ef-bcb7-e61d2b5ebc04
2012-12-11 15:12:30,268 INFO  [ckanext.harvest.logic.action.create] Harvest job create: {'source_id': u'385a4ba4-f3f4-41ef-bcb7-e61d2b5ebc04'}
2012-12-11 15:12:30,301 INFO  [ckanext.harvest.logic.action.create] Harvest job saved d1ca14ed-bce2-4c0a-9eb3-a2ca5fb9fcdd

Created new harvest source:
Source id: 385a4ba4-f3f4-41ef-bcb7-e61d2b5ebc04
      url: http://helda.helsinki.fi/oai/request
     type: OAI-PMH
   active: True
     user: 
publisher: 
     jobs: 0

There are 2 harvest sources
A new Harvest Job for this source has also been created
+ chkconfig supervisord on
Stopping atd: [FAILED]
Starting atd: [  OK  ]
job 1 at 2012-12-11 15:15
Starting shibd: [  OK  ]
Starting httpd: [  OK  ]
Starting supervisord: [  OK  ]
Reloading crond: [  OK  ]
+ '[' -f /tmp/kata-SKIP70 ']'
+ instloc=/home/ckan
+ expected=/usr/share/kata-ckan-dev/setup-data/pip.freeze.lastknown
+ cd /home/ckan
+ source pyenv/bin/activate
++ deactivate nondestructive
++ unset pydoc
++ '[' -n '' ']'
++ '[' -n '' ']'
++ '[' -n /bin/sh -o -n '' ']'
++ hash -r
++ '[' -n '' ']'
++ unset VIRTUAL_ENV
++ '[' '!' nondestructive = nondestructive ']'
++ VIRTUAL_ENV=/home/ckan/pyenv
++ export VIRTUAL_ENV
++ _OLD_VIRTUAL_PATH=/sbin:/bin:/usr/sbin:/usr/bin:/usr/X11R6/bin
++ PATH=/home/ckan/pyenv/bin:/sbin:/bin:/usr/sbin:/usr/bin:/usr/X11R6/bin
++ export PATH
++ '[' -n '' ']'
++ '[' -z '' ']'
++ _OLD_VIRTUAL_PS1=
++ '[' x '!=' x ']'
+++ basename /home/ckan/pyenv
++ '[' pyenv = __ ']'
+++ basename /home/ckan/pyenv
++ PS1='(pyenv)'
++ export PS1
++ alias 'pydoc=python -m pydoc'
++ '[' -n /bin/sh -o -n '' ']'
++ hash -r
+ SETCOLOR_SUCCESS='echo -en \033[1;32m'
+ SETCOLOR_FAILURE='echo -en \033[1;31m'
+ SETCOLOR_NORMAL='echo -en \033[0;39m'
+ current=/tmp/pip.freeze.current
+ pip freeze
+ diff /usr/share/kata-ckan-dev/setup-data/pip.freeze.lastknown /tmp/pip.freeze.current
+ echo -en '\033[1;31m'
[1;31m+ echo 'Python package mismatches:'
Python package mismatches:
+ cat /tmp/kata-70.tmp
28c28
< -e git+https://github.com/okfn/ckan.git@f67a1c7e8b15929c98531b82f935d35f047cb4ac#egg=ckan-dev
---
> -e git+https://github.com/okfn/ckan.git@67a6121e8c597a157e6b0064764b0da62f17b488#egg=ckan-dev
32c32
< -e git://github.com/kata-csc/ckanext-kata.git@49e71917854575c7d0cfb961a4071d4c29ba25cf#egg=ckanext_kata-dev
---
> -e git://github.com/kata-csc/ckanext-kata.git@b6967b05cb61d9a5bb844d12464ce5144ff8ad47#egg=ckanext_kata-dev
+ echo -en '\033[0;39m'
[0;39m+ rm -f /tmp/kata-70.tmp
+ '[' -f /tmp/kata-SKIP71 ']'
+ datadir=/usr/share/kata-ckan-dev/setup-data
+ mv /tmp/pip.freeze.current /usr/share/kata-ckan-dev/setup-data
+ chown root:root /usr/share/kata-ckan-dev/setup-data/pip.freeze.current
